[2026-04-07T05:20:22.008+0000] {taskinstance.py:1956} INFO - Dependencies all met for dep_context=non-requeueable deps ti=<TaskInstance: customer_transaction_pipeline.verify_scylladb_data scheduled__2026-04-06T00:00:00+00:00 [queued]>
[2026-04-07T05:20:22.023+0000] {taskinstance.py:1956} INFO - Dependencies all met for dep_context=requeueable deps ti=<TaskInstance: customer_transaction_pipeline.verify_scylladb_data scheduled__2026-04-06T00:00:00+00:00 [queued]>
[2026-04-07T05:20:22.024+0000] {taskinstance.py:2170} INFO - Starting attempt 2 of 3
[2026-04-07T05:20:22.050+0000] {taskinstance.py:2191} INFO - Executing <Task(BashOperator): verify_scylladb_data> on 2026-04-06 00:00:00+00:00
[2026-04-07T05:20:22.057+0000] {standard_task_runner.py:60} INFO - Started process 261 to run task
[2026-04-07T05:20:22.062+0000] {standard_task_runner.py:87} INFO - Running: ['***', 'tasks', 'run', 'customer_transaction_pipeline', 'verify_scylladb_data', 'scheduled__2026-04-06T00:00:00+00:00', '--job-id', '39', '--raw', '--subdir', 'DAGS_FOLDER/pipeline_dag.py', '--cfg-path', '/tmp/tmp2qe9m5jn']
[2026-04-07T05:20:22.065+0000] {standard_task_runner.py:88} INFO - Job 39: Subtask verify_scylladb_data
[2026-04-07T05:20:22.152+0000] {task_command.py:423} INFO - Running <TaskInstance: customer_transaction_pipeline.verify_scylladb_data scheduled__2026-04-06T00:00:00+00:00 [running]> on host cb070ebf4606
[2026-04-07T05:20:22.254+0000] {taskinstance.py:2480} INFO - Exporting env vars: AIRFLOW_CTX_DAG_OWNER='***' AIRFLOW_CTX_DAG_ID='customer_transaction_pipeline' AIRFLOW_CTX_TASK_ID='verify_scylladb_data' AIRFLOW_CTX_EXECUTION_DATE='2026-04-06T00:00:00+00:00' AIRFLOW_CTX_TRY_NUMBER='2' AIRFLOW_CTX_DAG_RUN_ID='scheduled__2026-04-06T00:00:00+00:00'
[2026-04-07T05:20:22.255+0000] {subprocess.py:63} INFO - Tmp dir root location: /tmp
[2026-04-07T05:20:22.257+0000] {subprocess.py:75} INFO - Running command: ['/usr/bin/bash', '-c', '\n            echo "Verifying data in ScyllaDB..."\n            python3 -c "\nfrom cassandra.cluster import Cluster\ntry:\n    cluster = Cluster([\'scylladb\'])\n    session = cluster.connect(\'transactions_ks\')\n    rows = session.execute(\'SELECT COUNT(*) FROM daily_customer_totals\')\n    count = rows.one()[0]\n    print(\'ScyllaDB has \' + str(count) + \' rows in daily_customer_totals\')\n    cluster.shutdown()\nexcept Exception as e:\n    print(\'Verification failed: \' + str(e))\n    exit(1)\n"\n        ']
[2026-04-07T05:20:22.266+0000] {subprocess.py:86} INFO - Output:
[2026-04-07T05:20:22.268+0000] {subprocess.py:93} INFO - Verifying data in ScyllaDB...
[2026-04-07T05:20:22.290+0000] {subprocess.py:93} INFO - Traceback (most recent call last):
[2026-04-07T05:20:22.291+0000] {subprocess.py:93} INFO -   File "<string>", line 2, in <module>
[2026-04-07T05:20:22.292+0000] {subprocess.py:93} INFO - ModuleNotFoundError: No module named 'cassandra'
[2026-04-07T05:20:22.294+0000] {subprocess.py:97} INFO - Command exited with return code 1
[2026-04-07T05:20:22.307+0000] {taskinstance.py:2698} ERROR - Task failed with exception
Traceback (most recent call last):
  File "/home/airflow/.local/lib/python3.8/site-packages/airflow/models/taskinstance.py", line 433, in _execute_task
    result = execute_callable(context=context, **execute_callable_kwargs)
  File "/home/airflow/.local/lib/python3.8/site-packages/airflow/operators/bash.py", line 212, in execute
    raise AirflowException(
airflow.exceptions.AirflowException: Bash command failed. The command returned a non-zero exit code 1.
[2026-04-07T05:20:22.311+0000] {taskinstance.py:1138} INFO - Marking task as UP_FOR_RETRY. dag_id=customer_transaction_pipeline, task_id=verify_scylladb_data, execution_date=20260406T000000, start_date=20260407T052022, end_date=20260407T052022
[2026-04-07T05:20:22.363+0000] {standard_task_runner.py:107} ERROR - Failed to execute job 39 for task verify_scylladb_data (Bash command failed. The command returned a non-zero exit code 1.; 261)
[2026-04-07T05:20:22.396+0000] {local_task_job_runner.py:234} INFO - Task exited with return code 1
[2026-04-07T05:20:22.427+0000] {taskinstance.py:3280} INFO - 0 downstream tasks scheduled from follow-on schedule check
