[2026-04-07T05:15:20.366+0000] {taskinstance.py:1956} INFO - Dependencies all met for dep_context=non-requeueable deps ti=<TaskInstance: customer_transaction_pipeline.verify_scylladb_data scheduled__2026-04-06T00:00:00+00:00 [queued]>
[2026-04-07T05:15:20.431+0000] {taskinstance.py:1956} INFO - Dependencies all met for dep_context=requeueable deps ti=<TaskInstance: customer_transaction_pipeline.verify_scylladb_data scheduled__2026-04-06T00:00:00+00:00 [queued]>
[2026-04-07T05:15:20.440+0000] {taskinstance.py:2170} INFO - Starting attempt 1 of 3
[2026-04-07T05:15:20.493+0000] {taskinstance.py:2191} INFO - Executing <Task(BashOperator): verify_scylladb_data> on 2026-04-06 00:00:00+00:00
[2026-04-07T05:15:20.504+0000] {standard_task_runner.py:60} INFO - Started process 199 to run task
[2026-04-07T05:15:20.511+0000] {standard_task_runner.py:87} INFO - Running: ['***', 'tasks', 'run', 'customer_transaction_pipeline', 'verify_scylladb_data', 'scheduled__2026-04-06T00:00:00+00:00', '--job-id', '36', '--raw', '--subdir', 'DAGS_FOLDER/pipeline_dag.py', '--cfg-path', '/tmp/tmps1wa48fc']
[2026-04-07T05:15:20.520+0000] {standard_task_runner.py:88} INFO - Job 36: Subtask verify_scylladb_data
[2026-04-07T05:15:20.695+0000] {task_command.py:423} INFO - Running <TaskInstance: customer_transaction_pipeline.verify_scylladb_data scheduled__2026-04-06T00:00:00+00:00 [running]> on host cb070ebf4606
[2026-04-07T05:15:20.948+0000] {taskinstance.py:2480} INFO - Exporting env vars: AIRFLOW_CTX_DAG_OWNER='***' AIRFLOW_CTX_DAG_ID='customer_transaction_pipeline' AIRFLOW_CTX_TASK_ID='verify_scylladb_data' AIRFLOW_CTX_EXECUTION_DATE='2026-04-06T00:00:00+00:00' AIRFLOW_CTX_TRY_NUMBER='1' AIRFLOW_CTX_DAG_RUN_ID='scheduled__2026-04-06T00:00:00+00:00'
[2026-04-07T05:15:20.951+0000] {subprocess.py:63} INFO - Tmp dir root location: /tmp
[2026-04-07T05:15:20.953+0000] {subprocess.py:75} INFO - Running command: ['/usr/bin/bash', '-c', '\n            echo "Verifying data in ScyllaDB..."\n            python3 -c "\nfrom cassandra.cluster import Cluster\ntry:\n    cluster = Cluster([\'scylladb\'])\n    session = cluster.connect(\'transactions_ks\')\n    rows = session.execute(\'SELECT COUNT(*) FROM daily_customer_totals\')\n    count = rows.one()[0]\n    print(\'ScyllaDB has \' + str(count) + \' rows in daily_customer_totals\')\n    cluster.shutdown()\nexcept Exception as e:\n    print(\'Verification failed: \' + str(e))\n    exit(1)\n"\n        ']
[2026-04-07T05:15:20.986+0000] {subprocess.py:86} INFO - Output:
[2026-04-07T05:15:20.993+0000] {subprocess.py:93} INFO - Verifying data in ScyllaDB...
[2026-04-07T05:15:21.090+0000] {subprocess.py:93} INFO - Traceback (most recent call last):
[2026-04-07T05:15:21.101+0000] {subprocess.py:93} INFO -   File "<string>", line 2, in <module>
[2026-04-07T05:15:21.103+0000] {subprocess.py:93} INFO - ModuleNotFoundError: No module named 'cassandra'
[2026-04-07T05:15:21.109+0000] {subprocess.py:97} INFO - Command exited with return code 1
[2026-04-07T05:15:21.142+0000] {taskinstance.py:2698} ERROR - Task failed with exception
Traceback (most recent call last):
  File "/home/airflow/.local/lib/python3.8/site-packages/airflow/models/taskinstance.py", line 433, in _execute_task
    result = execute_callable(context=context, **execute_callable_kwargs)
  File "/home/airflow/.local/lib/python3.8/site-packages/airflow/operators/bash.py", line 212, in execute
    raise AirflowException(
airflow.exceptions.AirflowException: Bash command failed. The command returned a non-zero exit code 1.
[2026-04-07T05:15:21.150+0000] {taskinstance.py:1138} INFO - Marking task as UP_FOR_RETRY. dag_id=customer_transaction_pipeline, task_id=verify_scylladb_data, execution_date=20260406T000000, start_date=20260407T051520, end_date=20260407T051521
[2026-04-07T05:15:21.195+0000] {standard_task_runner.py:107} ERROR - Failed to execute job 36 for task verify_scylladb_data (Bash command failed. The command returned a non-zero exit code 1.; 199)
[2026-04-07T05:15:21.226+0000] {local_task_job_runner.py:234} INFO - Task exited with return code 1
[2026-04-07T05:15:21.311+0000] {taskinstance.py:3280} INFO - 0 downstream tasks scheduled from follow-on schedule check
