[2026-04-06T06:51:45.492+0000] {processor.py:161} INFO - Started process (PID=167) to work on /opt/airflow/dags/pipeline_dag.py
[2026-04-06T06:51:45.493+0000] {processor.py:830} INFO - Processing file /opt/airflow/dags/pipeline_dag.py for tasks to queue
[2026-04-06T06:51:45.495+0000] {logging_mixin.py:188} INFO - [2026-04-06T06:51:45.495+0000] {dagbag.py:538} INFO - Filling up the DagBag from /opt/airflow/dags/pipeline_dag.py
[2026-04-06T06:51:45.559+0000] {processor.py:840} INFO - DAG(s) 'customer_transaction_pipeline' retrieved from /opt/airflow/dags/pipeline_dag.py
[2026-04-06T06:51:45.808+0000] {logging_mixin.py:188} INFO - [2026-04-06T06:51:45.807+0000] {override.py:1769} INFO - Created Permission View: can read on DAG:customer_transaction_pipeline
[2026-04-06T06:51:45.822+0000] {logging_mixin.py:188} INFO - [2026-04-06T06:51:45.822+0000] {override.py:1769} INFO - Created Permission View: can delete on DAG:customer_transaction_pipeline
[2026-04-06T06:51:45.835+0000] {logging_mixin.py:188} INFO - [2026-04-06T06:51:45.835+0000] {override.py:1769} INFO - Created Permission View: can edit on DAG:customer_transaction_pipeline
[2026-04-06T06:51:45.836+0000] {logging_mixin.py:188} INFO - [2026-04-06T06:51:45.836+0000] {dag.py:3036} INFO - Sync 1 DAGs
[2026-04-06T06:51:45.850+0000] {logging_mixin.py:188} INFO - [2026-04-06T06:51:45.850+0000] {dag.py:3058} INFO - Creating ORM DAG for customer_transaction_pipeline
[2026-04-06T06:51:45.862+0000] {logging_mixin.py:188} INFO - [2026-04-06T06:51:45.862+0000] {dag.py:3823} INFO - Setting next_dagrun for customer_transaction_pipeline to 2026-04-05 00:00:00+00:00, run_after=2026-04-06 00:00:00+00:00
[2026-04-06T06:51:45.897+0000] {processor.py:183} INFO - Processing /opt/airflow/dags/pipeline_dag.py took 0.409 seconds
[2026-04-06T06:52:16.169+0000] {processor.py:161} INFO - Started process (PID=172) to work on /opt/airflow/dags/pipeline_dag.py
[2026-04-06T06:52:16.170+0000] {processor.py:830} INFO - Processing file /opt/airflow/dags/pipeline_dag.py for tasks to queue
[2026-04-06T06:52:16.171+0000] {logging_mixin.py:188} INFO - [2026-04-06T06:52:16.171+0000] {dagbag.py:538} INFO - Filling up the DagBag from /opt/airflow/dags/pipeline_dag.py
[2026-04-06T06:52:16.195+0000] {processor.py:840} INFO - DAG(s) 'customer_transaction_pipeline' retrieved from /opt/airflow/dags/pipeline_dag.py
[2026-04-06T06:52:16.228+0000] {logging_mixin.py:188} INFO - [2026-04-06T06:52:16.228+0000] {dag.py:3036} INFO - Sync 1 DAGs
[2026-04-06T06:52:16.258+0000] {logging_mixin.py:188} INFO - [2026-04-06T06:52:16.258+0000] {dag.py:3823} INFO - Setting next_dagrun for customer_transaction_pipeline to 2026-04-05 00:00:00+00:00, run_after=2026-04-06 00:00:00+00:00
[2026-04-06T06:52:16.282+0000] {processor.py:183} INFO - Processing /opt/airflow/dags/pipeline_dag.py took 0.118 seconds
[2026-04-06T06:52:46.425+0000] {processor.py:161} INFO - Started process (PID=177) to work on /opt/airflow/dags/pipeline_dag.py
[2026-04-06T06:52:46.426+0000] {processor.py:830} INFO - Processing file /opt/airflow/dags/pipeline_dag.py for tasks to queue
[2026-04-06T06:52:46.426+0000] {logging_mixin.py:188} INFO - [2026-04-06T06:52:46.426+0000] {dagbag.py:538} INFO - Filling up the DagBag from /opt/airflow/dags/pipeline_dag.py
[2026-04-06T06:52:46.452+0000] {processor.py:840} INFO - DAG(s) 'customer_transaction_pipeline' retrieved from /opt/airflow/dags/pipeline_dag.py
[2026-04-06T06:52:46.493+0000] {logging_mixin.py:188} INFO - [2026-04-06T06:52:46.493+0000] {dag.py:3036} INFO - Sync 1 DAGs
[2026-04-06T06:52:46.517+0000] {logging_mixin.py:188} INFO - [2026-04-06T06:52:46.517+0000] {dag.py:3823} INFO - Setting next_dagrun for customer_transaction_pipeline to 2026-04-05 00:00:00+00:00, run_after=2026-04-06 00:00:00+00:00
[2026-04-06T06:52:46.543+0000] {processor.py:183} INFO - Processing /opt/airflow/dags/pipeline_dag.py took 0.121 seconds
[2026-04-06T06:53:16.821+0000] {processor.py:161} INFO - Started process (PID=182) to work on /opt/airflow/dags/pipeline_dag.py
[2026-04-06T06:53:16.822+0000] {processor.py:830} INFO - Processing file /opt/airflow/dags/pipeline_dag.py for tasks to queue
[2026-04-06T06:53:16.824+0000] {logging_mixin.py:188} INFO - [2026-04-06T06:53:16.823+0000] {dagbag.py:538} INFO - Filling up the DagBag from /opt/airflow/dags/pipeline_dag.py
[2026-04-06T06:53:16.843+0000] {processor.py:840} INFO - DAG(s) 'customer_transaction_pipeline' retrieved from /opt/airflow/dags/pipeline_dag.py
[2026-04-06T06:53:16.872+0000] {logging_mixin.py:188} INFO - [2026-04-06T06:53:16.872+0000] {dag.py:3036} INFO - Sync 1 DAGs
[2026-04-06T06:53:16.894+0000] {logging_mixin.py:188} INFO - [2026-04-06T06:53:16.894+0000] {dag.py:3823} INFO - Setting next_dagrun for customer_transaction_pipeline to 2026-04-05 00:00:00+00:00, run_after=2026-04-06 00:00:00+00:00
[2026-04-06T06:53:16.920+0000] {processor.py:183} INFO - Processing /opt/airflow/dags/pipeline_dag.py took 0.101 seconds
[2026-04-06T06:53:47.070+0000] {processor.py:161} INFO - Started process (PID=187) to work on /opt/airflow/dags/pipeline_dag.py
[2026-04-06T06:53:47.071+0000] {processor.py:830} INFO - Processing file /opt/airflow/dags/pipeline_dag.py for tasks to queue
[2026-04-06T06:53:47.072+0000] {logging_mixin.py:188} INFO - [2026-04-06T06:53:47.072+0000] {dagbag.py:538} INFO - Filling up the DagBag from /opt/airflow/dags/pipeline_dag.py
[2026-04-06T06:53:47.092+0000] {processor.py:840} INFO - DAG(s) 'customer_transaction_pipeline' retrieved from /opt/airflow/dags/pipeline_dag.py
[2026-04-06T06:53:47.122+0000] {logging_mixin.py:188} INFO - [2026-04-06T06:53:47.122+0000] {dag.py:3036} INFO - Sync 1 DAGs
[2026-04-06T06:53:47.142+0000] {logging_mixin.py:188} INFO - [2026-04-06T06:53:47.142+0000] {dag.py:3823} INFO - Setting next_dagrun for customer_transaction_pipeline to 2026-04-05 00:00:00+00:00, run_after=2026-04-06 00:00:00+00:00
[2026-04-06T06:53:47.167+0000] {processor.py:183} INFO - Processing /opt/airflow/dags/pipeline_dag.py took 0.100 seconds
[2026-04-06T07:02:26.312+0000] {processor.py:161} INFO - Started process (PID=167) to work on /opt/airflow/dags/pipeline_dag.py
[2026-04-06T07:02:26.313+0000] {processor.py:830} INFO - Processing file /opt/airflow/dags/pipeline_dag.py for tasks to queue
[2026-04-06T07:02:26.314+0000] {logging_mixin.py:188} INFO - [2026-04-06T07:02:26.314+0000] {dagbag.py:538} INFO - Filling up the DagBag from /opt/airflow/dags/pipeline_dag.py
[2026-04-06T07:02:26.353+0000] {processor.py:840} INFO - DAG(s) 'customer_transaction_pipeline' retrieved from /opt/airflow/dags/pipeline_dag.py
[2026-04-06T07:02:26.382+0000] {logging_mixin.py:188} INFO - [2026-04-06T07:02:26.382+0000] {dag.py:3036} INFO - Sync 1 DAGs
[2026-04-06T07:02:26.405+0000] {logging_mixin.py:188} INFO - [2026-04-06T07:02:26.405+0000] {dag.py:3823} INFO - Setting next_dagrun for customer_transaction_pipeline to 2026-04-05 00:00:00+00:00, run_after=2026-04-06 00:00:00+00:00
[2026-04-06T07:02:26.428+0000] {processor.py:183} INFO - Processing /opt/airflow/dags/pipeline_dag.py took 0.120 seconds
[2026-04-06T07:02:56.589+0000] {processor.py:161} INFO - Started process (PID=172) to work on /opt/airflow/dags/pipeline_dag.py
[2026-04-06T07:02:56.590+0000] {processor.py:830} INFO - Processing file /opt/airflow/dags/pipeline_dag.py for tasks to queue
[2026-04-06T07:02:56.592+0000] {logging_mixin.py:188} INFO - [2026-04-06T07:02:56.591+0000] {dagbag.py:538} INFO - Filling up the DagBag from /opt/airflow/dags/pipeline_dag.py
[2026-04-06T07:02:56.614+0000] {processor.py:840} INFO - DAG(s) 'customer_transaction_pipeline' retrieved from /opt/airflow/dags/pipeline_dag.py
[2026-04-06T07:02:56.830+0000] {logging_mixin.py:188} INFO - [2026-04-06T07:02:56.830+0000] {dag.py:3036} INFO - Sync 1 DAGs
[2026-04-06T07:02:56.848+0000] {logging_mixin.py:188} INFO - [2026-04-06T07:02:56.848+0000] {dag.py:3823} INFO - Setting next_dagrun for customer_transaction_pipeline to 2026-04-05 00:00:00+00:00, run_after=2026-04-06 00:00:00+00:00
[2026-04-06T07:02:56.871+0000] {processor.py:183} INFO - Processing /opt/airflow/dags/pipeline_dag.py took 0.287 seconds
[2026-04-06T07:03:27.089+0000] {processor.py:161} INFO - Started process (PID=177) to work on /opt/airflow/dags/pipeline_dag.py
[2026-04-06T07:03:27.092+0000] {processor.py:830} INFO - Processing file /opt/airflow/dags/pipeline_dag.py for tasks to queue
[2026-04-06T07:03:27.094+0000] {logging_mixin.py:188} INFO - [2026-04-06T07:03:27.093+0000] {dagbag.py:538} INFO - Filling up the DagBag from /opt/airflow/dags/pipeline_dag.py
[2026-04-06T07:03:27.118+0000] {processor.py:840} INFO - DAG(s) 'customer_transaction_pipeline' retrieved from /opt/airflow/dags/pipeline_dag.py
[2026-04-06T07:03:27.153+0000] {logging_mixin.py:188} INFO - [2026-04-06T07:03:27.153+0000] {dag.py:3036} INFO - Sync 1 DAGs
[2026-04-06T07:03:27.176+0000] {logging_mixin.py:188} INFO - [2026-04-06T07:03:27.176+0000] {dag.py:3823} INFO - Setting next_dagrun for customer_transaction_pipeline to 2026-04-05 00:00:00+00:00, run_after=2026-04-06 00:00:00+00:00
[2026-04-06T07:03:27.199+0000] {processor.py:183} INFO - Processing /opt/airflow/dags/pipeline_dag.py took 0.113 seconds
[2026-04-06T07:04:22.898+0000] {processor.py:161} INFO - Started process (PID=167) to work on /opt/airflow/dags/pipeline_dag.py
[2026-04-06T07:04:22.900+0000] {processor.py:830} INFO - Processing file /opt/airflow/dags/pipeline_dag.py for tasks to queue
[2026-04-06T07:04:22.901+0000] {logging_mixin.py:188} INFO - [2026-04-06T07:04:22.901+0000] {dagbag.py:538} INFO - Filling up the DagBag from /opt/airflow/dags/pipeline_dag.py
[2026-04-06T07:04:22.941+0000] {processor.py:840} INFO - DAG(s) 'customer_transaction_pipeline' retrieved from /opt/airflow/dags/pipeline_dag.py
[2026-04-06T07:04:22.969+0000] {logging_mixin.py:188} INFO - [2026-04-06T07:04:22.969+0000] {dag.py:3036} INFO - Sync 1 DAGs
[2026-04-06T07:04:22.997+0000] {logging_mixin.py:188} INFO - [2026-04-06T07:04:22.997+0000] {dag.py:3823} INFO - Setting next_dagrun for customer_transaction_pipeline to 2026-04-05 00:00:00+00:00, run_after=2026-04-06 00:00:00+00:00
[2026-04-06T07:04:23.021+0000] {processor.py:183} INFO - Processing /opt/airflow/dags/pipeline_dag.py took 0.127 seconds
[2026-04-06T07:04:53.196+0000] {processor.py:161} INFO - Started process (PID=172) to work on /opt/airflow/dags/pipeline_dag.py
[2026-04-06T07:04:53.197+0000] {processor.py:830} INFO - Processing file /opt/airflow/dags/pipeline_dag.py for tasks to queue
[2026-04-06T07:04:53.198+0000] {logging_mixin.py:188} INFO - [2026-04-06T07:04:53.198+0000] {dagbag.py:538} INFO - Filling up the DagBag from /opt/airflow/dags/pipeline_dag.py
[2026-04-06T07:04:53.222+0000] {processor.py:840} INFO - DAG(s) 'customer_transaction_pipeline' retrieved from /opt/airflow/dags/pipeline_dag.py
[2026-04-06T07:04:53.422+0000] {logging_mixin.py:188} INFO - [2026-04-06T07:04:53.422+0000] {dag.py:3036} INFO - Sync 1 DAGs
[2026-04-06T07:04:53.443+0000] {logging_mixin.py:188} INFO - [2026-04-06T07:04:53.443+0000] {dag.py:3823} INFO - Setting next_dagrun for customer_transaction_pipeline to 2026-04-05 00:00:00+00:00, run_after=2026-04-06 00:00:00+00:00
[2026-04-06T07:04:53.478+0000] {processor.py:183} INFO - Processing /opt/airflow/dags/pipeline_dag.py took 0.285 seconds
[2026-04-06T07:05:23.579+0000] {processor.py:161} INFO - Started process (PID=177) to work on /opt/airflow/dags/pipeline_dag.py
[2026-04-06T07:05:23.580+0000] {processor.py:830} INFO - Processing file /opt/airflow/dags/pipeline_dag.py for tasks to queue
[2026-04-06T07:05:23.582+0000] {logging_mixin.py:188} INFO - [2026-04-06T07:05:23.581+0000] {dagbag.py:538} INFO - Filling up the DagBag from /opt/airflow/dags/pipeline_dag.py
[2026-04-06T07:05:23.606+0000] {processor.py:840} INFO - DAG(s) 'customer_transaction_pipeline' retrieved from /opt/airflow/dags/pipeline_dag.py
[2026-04-06T07:05:23.638+0000] {logging_mixin.py:188} INFO - [2026-04-06T07:05:23.638+0000] {dag.py:3036} INFO - Sync 1 DAGs
[2026-04-06T07:05:23.662+0000] {logging_mixin.py:188} INFO - [2026-04-06T07:05:23.662+0000] {dag.py:3823} INFO - Setting next_dagrun for customer_transaction_pipeline to 2026-04-05 00:00:00+00:00, run_after=2026-04-06 00:00:00+00:00
[2026-04-06T07:05:23.686+0000] {processor.py:183} INFO - Processing /opt/airflow/dags/pipeline_dag.py took 0.111 seconds
[2026-04-06T07:05:53.828+0000] {processor.py:161} INFO - Started process (PID=247) to work on /opt/airflow/dags/pipeline_dag.py
[2026-04-06T07:05:53.829+0000] {processor.py:830} INFO - Processing file /opt/airflow/dags/pipeline_dag.py for tasks to queue
[2026-04-06T07:05:53.830+0000] {logging_mixin.py:188} INFO - [2026-04-06T07:05:53.829+0000] {dagbag.py:538} INFO - Filling up the DagBag from /opt/airflow/dags/pipeline_dag.py
[2026-04-06T07:05:53.849+0000] {processor.py:840} INFO - DAG(s) 'customer_transaction_pipeline' retrieved from /opt/airflow/dags/pipeline_dag.py
[2026-04-06T07:05:53.875+0000] {logging_mixin.py:188} INFO - [2026-04-06T07:05:53.875+0000] {dag.py:3036} INFO - Sync 1 DAGs
[2026-04-06T07:05:53.897+0000] {logging_mixin.py:188} INFO - [2026-04-06T07:05:53.897+0000] {dag.py:3823} INFO - Setting next_dagrun for customer_transaction_pipeline to 2026-04-06 00:00:00+00:00, run_after=2026-04-07 00:00:00+00:00
[2026-04-06T07:05:53.920+0000] {processor.py:183} INFO - Processing /opt/airflow/dags/pipeline_dag.py took 0.096 seconds
[2026-04-06T07:06:24.199+0000] {processor.py:161} INFO - Started process (PID=252) to work on /opt/airflow/dags/pipeline_dag.py
[2026-04-06T07:06:24.201+0000] {processor.py:830} INFO - Processing file /opt/airflow/dags/pipeline_dag.py for tasks to queue
[2026-04-06T07:06:24.202+0000] {logging_mixin.py:188} INFO - [2026-04-06T07:06:24.202+0000] {dagbag.py:538} INFO - Filling up the DagBag from /opt/airflow/dags/pipeline_dag.py
[2026-04-06T07:06:24.223+0000] {processor.py:840} INFO - DAG(s) 'customer_transaction_pipeline' retrieved from /opt/airflow/dags/pipeline_dag.py
[2026-04-06T07:06:24.250+0000] {logging_mixin.py:188} INFO - [2026-04-06T07:06:24.250+0000] {dag.py:3036} INFO - Sync 1 DAGs
[2026-04-06T07:06:24.270+0000] {logging_mixin.py:188} INFO - [2026-04-06T07:06:24.270+0000] {dag.py:3823} INFO - Setting next_dagrun for customer_transaction_pipeline to 2026-04-06 00:00:00+00:00, run_after=2026-04-07 00:00:00+00:00
[2026-04-06T07:06:24.291+0000] {processor.py:183} INFO - Processing /opt/airflow/dags/pipeline_dag.py took 0.096 seconds
[2026-04-06T07:06:54.481+0000] {processor.py:161} INFO - Started process (PID=257) to work on /opt/airflow/dags/pipeline_dag.py
[2026-04-06T07:06:54.482+0000] {processor.py:830} INFO - Processing file /opt/airflow/dags/pipeline_dag.py for tasks to queue
[2026-04-06T07:06:54.483+0000] {logging_mixin.py:188} INFO - [2026-04-06T07:06:54.483+0000] {dagbag.py:538} INFO - Filling up the DagBag from /opt/airflow/dags/pipeline_dag.py
[2026-04-06T07:06:54.508+0000] {processor.py:840} INFO - DAG(s) 'customer_transaction_pipeline' retrieved from /opt/airflow/dags/pipeline_dag.py
[2026-04-06T07:06:54.534+0000] {logging_mixin.py:188} INFO - [2026-04-06T07:06:54.534+0000] {dag.py:3036} INFO - Sync 1 DAGs
[2026-04-06T07:06:54.557+0000] {logging_mixin.py:188} INFO - [2026-04-06T07:06:54.556+0000] {dag.py:3823} INFO - Setting next_dagrun for customer_transaction_pipeline to 2026-04-06 00:00:00+00:00, run_after=2026-04-07 00:00:00+00:00
[2026-04-06T07:06:54.591+0000] {processor.py:183} INFO - Processing /opt/airflow/dags/pipeline_dag.py took 0.114 seconds
[2026-04-06T07:07:24.800+0000] {processor.py:161} INFO - Started process (PID=262) to work on /opt/airflow/dags/pipeline_dag.py
[2026-04-06T07:07:24.801+0000] {processor.py:830} INFO - Processing file /opt/airflow/dags/pipeline_dag.py for tasks to queue
[2026-04-06T07:07:24.801+0000] {logging_mixin.py:188} INFO - [2026-04-06T07:07:24.801+0000] {dagbag.py:538} INFO - Filling up the DagBag from /opt/airflow/dags/pipeline_dag.py
[2026-04-06T07:07:24.818+0000] {processor.py:840} INFO - DAG(s) 'customer_transaction_pipeline' retrieved from /opt/airflow/dags/pipeline_dag.py
[2026-04-06T07:07:24.846+0000] {logging_mixin.py:188} INFO - [2026-04-06T07:07:24.845+0000] {dag.py:3036} INFO - Sync 1 DAGs
[2026-04-06T07:07:24.875+0000] {logging_mixin.py:188} INFO - [2026-04-06T07:07:24.875+0000] {dag.py:3823} INFO - Setting next_dagrun for customer_transaction_pipeline to 2026-04-06 00:00:00+00:00, run_after=2026-04-07 00:00:00+00:00
[2026-04-06T07:07:24.899+0000] {processor.py:183} INFO - Processing /opt/airflow/dags/pipeline_dag.py took 0.102 seconds
[2026-04-06T07:07:55.047+0000] {processor.py:161} INFO - Started process (PID=267) to work on /opt/airflow/dags/pipeline_dag.py
[2026-04-06T07:07:55.048+0000] {processor.py:830} INFO - Processing file /opt/airflow/dags/pipeline_dag.py for tasks to queue
[2026-04-06T07:07:55.049+0000] {logging_mixin.py:188} INFO - [2026-04-06T07:07:55.048+0000] {dagbag.py:538} INFO - Filling up the DagBag from /opt/airflow/dags/pipeline_dag.py
[2026-04-06T07:07:55.075+0000] {processor.py:840} INFO - DAG(s) 'customer_transaction_pipeline' retrieved from /opt/airflow/dags/pipeline_dag.py
[2026-04-06T07:07:55.106+0000] {logging_mixin.py:188} INFO - [2026-04-06T07:07:55.106+0000] {dag.py:3036} INFO - Sync 1 DAGs
[2026-04-06T07:07:55.136+0000] {logging_mixin.py:188} INFO - [2026-04-06T07:07:55.136+0000] {dag.py:3823} INFO - Setting next_dagrun for customer_transaction_pipeline to 2026-04-06 00:00:00+00:00, run_after=2026-04-07 00:00:00+00:00
[2026-04-06T07:07:55.163+0000] {processor.py:183} INFO - Processing /opt/airflow/dags/pipeline_dag.py took 0.121 seconds
[2026-04-06T07:08:25.371+0000] {processor.py:161} INFO - Started process (PID=272) to work on /opt/airflow/dags/pipeline_dag.py
[2026-04-06T07:08:25.372+0000] {processor.py:830} INFO - Processing file /opt/airflow/dags/pipeline_dag.py for tasks to queue
[2026-04-06T07:08:25.373+0000] {logging_mixin.py:188} INFO - [2026-04-06T07:08:25.372+0000] {dagbag.py:538} INFO - Filling up the DagBag from /opt/airflow/dags/pipeline_dag.py
[2026-04-06T07:08:25.393+0000] {processor.py:840} INFO - DAG(s) 'customer_transaction_pipeline' retrieved from /opt/airflow/dags/pipeline_dag.py
[2026-04-06T07:08:25.424+0000] {logging_mixin.py:188} INFO - [2026-04-06T07:08:25.423+0000] {dag.py:3036} INFO - Sync 1 DAGs
[2026-04-06T07:08:25.444+0000] {logging_mixin.py:188} INFO - [2026-04-06T07:08:25.444+0000] {dag.py:3823} INFO - Setting next_dagrun for customer_transaction_pipeline to 2026-04-06 00:00:00+00:00, run_after=2026-04-07 00:00:00+00:00
[2026-04-06T07:08:25.468+0000] {processor.py:183} INFO - Processing /opt/airflow/dags/pipeline_dag.py took 0.100 seconds
[2026-04-06T07:08:53.622+0000] {processor.py:161} INFO - Started process (PID=277) to work on /opt/airflow/dags/pipeline_dag.py
[2026-04-06T07:08:53.623+0000] {processor.py:830} INFO - Processing file /opt/airflow/dags/pipeline_dag.py for tasks to queue
[2026-04-06T07:08:53.624+0000] {logging_mixin.py:188} INFO - [2026-04-06T07:08:53.624+0000] {dagbag.py:538} INFO - Filling up the DagBag from /opt/airflow/dags/pipeline_dag.py
[2026-04-06T07:08:53.653+0000] {processor.py:840} INFO - DAG(s) 'customer_transaction_pipeline' retrieved from /opt/airflow/dags/pipeline_dag.py
[2026-04-06T07:08:53.745+0000] {logging_mixin.py:188} INFO - [2026-04-06T07:08:53.745+0000] {dag.py:3036} INFO - Sync 1 DAGs
[2026-04-06T07:08:53.765+0000] {logging_mixin.py:188} INFO - [2026-04-06T07:08:53.764+0000] {dag.py:3823} INFO - Setting next_dagrun for customer_transaction_pipeline to 2026-04-06 00:00:00+00:00, run_after=2026-04-07 00:00:00+00:00
[2026-04-06T07:08:53.794+0000] {processor.py:183} INFO - Processing /opt/airflow/dags/pipeline_dag.py took 0.176 seconds
[2026-04-06T07:09:24.012+0000] {processor.py:161} INFO - Started process (PID=282) to work on /opt/airflow/dags/pipeline_dag.py
[2026-04-06T07:09:24.015+0000] {processor.py:830} INFO - Processing file /opt/airflow/dags/pipeline_dag.py for tasks to queue
[2026-04-06T07:09:24.016+0000] {logging_mixin.py:188} INFO - [2026-04-06T07:09:24.016+0000] {dagbag.py:538} INFO - Filling up the DagBag from /opt/airflow/dags/pipeline_dag.py
[2026-04-06T07:09:24.038+0000] {processor.py:840} INFO - DAG(s) 'customer_transaction_pipeline' retrieved from /opt/airflow/dags/pipeline_dag.py
[2026-04-06T07:09:24.064+0000] {logging_mixin.py:188} INFO - [2026-04-06T07:09:24.064+0000] {dag.py:3036} INFO - Sync 1 DAGs
[2026-04-06T07:09:24.085+0000] {logging_mixin.py:188} INFO - [2026-04-06T07:09:24.085+0000] {dag.py:3823} INFO - Setting next_dagrun for customer_transaction_pipeline to 2026-04-06 00:00:00+00:00, run_after=2026-04-07 00:00:00+00:00
[2026-04-06T07:09:24.110+0000] {processor.py:183} INFO - Processing /opt/airflow/dags/pipeline_dag.py took 0.101 seconds
[2026-04-06T07:09:54.272+0000] {processor.py:161} INFO - Started process (PID=287) to work on /opt/airflow/dags/pipeline_dag.py
[2026-04-06T07:09:54.273+0000] {processor.py:830} INFO - Processing file /opt/airflow/dags/pipeline_dag.py for tasks to queue
[2026-04-06T07:09:54.274+0000] {logging_mixin.py:188} INFO - [2026-04-06T07:09:54.274+0000] {dagbag.py:538} INFO - Filling up the DagBag from /opt/airflow/dags/pipeline_dag.py
[2026-04-06T07:09:54.296+0000] {processor.py:840} INFO - DAG(s) 'customer_transaction_pipeline' retrieved from /opt/airflow/dags/pipeline_dag.py
[2026-04-06T07:09:54.322+0000] {logging_mixin.py:188} INFO - [2026-04-06T07:09:54.322+0000] {dag.py:3036} INFO - Sync 1 DAGs
[2026-04-06T07:09:54.341+0000] {logging_mixin.py:188} INFO - [2026-04-06T07:09:54.341+0000] {dag.py:3823} INFO - Setting next_dagrun for customer_transaction_pipeline to 2026-04-06 00:00:00+00:00, run_after=2026-04-07 00:00:00+00:00
[2026-04-06T07:09:54.367+0000] {processor.py:183} INFO - Processing /opt/airflow/dags/pipeline_dag.py took 0.099 seconds
[2026-04-06T07:10:24.643+0000] {processor.py:161} INFO - Started process (PID=292) to work on /opt/airflow/dags/pipeline_dag.py
[2026-04-06T07:10:24.644+0000] {processor.py:830} INFO - Processing file /opt/airflow/dags/pipeline_dag.py for tasks to queue
[2026-04-06T07:10:24.645+0000] {logging_mixin.py:188} INFO - [2026-04-06T07:10:24.645+0000] {dagbag.py:538} INFO - Filling up the DagBag from /opt/airflow/dags/pipeline_dag.py
[2026-04-06T07:10:24.673+0000] {processor.py:840} INFO - DAG(s) 'customer_transaction_pipeline' retrieved from /opt/airflow/dags/pipeline_dag.py
[2026-04-06T07:10:24.704+0000] {logging_mixin.py:188} INFO - [2026-04-06T07:10:24.704+0000] {dag.py:3036} INFO - Sync 1 DAGs
[2026-04-06T07:10:24.731+0000] {logging_mixin.py:188} INFO - [2026-04-06T07:10:24.730+0000] {dag.py:3823} INFO - Setting next_dagrun for customer_transaction_pipeline to 2026-04-06 00:00:00+00:00, run_after=2026-04-07 00:00:00+00:00
[2026-04-06T07:10:24.763+0000] {processor.py:183} INFO - Processing /opt/airflow/dags/pipeline_dag.py took 0.124 seconds
[2026-04-06T07:10:54.907+0000] {processor.py:161} INFO - Started process (PID=309) to work on /opt/airflow/dags/pipeline_dag.py
[2026-04-06T07:10:54.908+0000] {processor.py:830} INFO - Processing file /opt/airflow/dags/pipeline_dag.py for tasks to queue
[2026-04-06T07:10:54.909+0000] {logging_mixin.py:188} INFO - [2026-04-06T07:10:54.909+0000] {dagbag.py:538} INFO - Filling up the DagBag from /opt/airflow/dags/pipeline_dag.py
[2026-04-06T07:10:54.929+0000] {processor.py:840} INFO - DAG(s) 'customer_transaction_pipeline' retrieved from /opt/airflow/dags/pipeline_dag.py
[2026-04-06T07:10:54.955+0000] {logging_mixin.py:188} INFO - [2026-04-06T07:10:54.955+0000] {dag.py:3036} INFO - Sync 1 DAGs
[2026-04-06T07:10:54.976+0000] {logging_mixin.py:188} INFO - [2026-04-06T07:10:54.976+0000] {dag.py:3823} INFO - Setting next_dagrun for customer_transaction_pipeline to 2026-04-06 00:00:00+00:00, run_after=2026-04-07 00:00:00+00:00
[2026-04-06T07:10:54.999+0000] {processor.py:183} INFO - Processing /opt/airflow/dags/pipeline_dag.py took 0.095 seconds
[2026-04-06T07:11:25.316+0000] {processor.py:161} INFO - Started process (PID=314) to work on /opt/airflow/dags/pipeline_dag.py
[2026-04-06T07:11:25.317+0000] {processor.py:830} INFO - Processing file /opt/airflow/dags/pipeline_dag.py for tasks to queue
[2026-04-06T07:11:25.318+0000] {logging_mixin.py:188} INFO - [2026-04-06T07:11:25.318+0000] {dagbag.py:538} INFO - Filling up the DagBag from /opt/airflow/dags/pipeline_dag.py
[2026-04-06T07:11:25.337+0000] {processor.py:840} INFO - DAG(s) 'customer_transaction_pipeline' retrieved from /opt/airflow/dags/pipeline_dag.py
[2026-04-06T07:11:25.364+0000] {logging_mixin.py:188} INFO - [2026-04-06T07:11:25.364+0000] {dag.py:3036} INFO - Sync 1 DAGs
[2026-04-06T07:11:25.385+0000] {logging_mixin.py:188} INFO - [2026-04-06T07:11:25.385+0000] {dag.py:3823} INFO - Setting next_dagrun for customer_transaction_pipeline to 2026-04-06 00:00:00+00:00, run_after=2026-04-07 00:00:00+00:00
[2026-04-06T07:11:25.410+0000] {processor.py:183} INFO - Processing /opt/airflow/dags/pipeline_dag.py took 0.097 seconds
[2026-04-06T07:11:55.637+0000] {processor.py:161} INFO - Started process (PID=319) to work on /opt/airflow/dags/pipeline_dag.py
[2026-04-06T07:11:55.638+0000] {processor.py:830} INFO - Processing file /opt/airflow/dags/pipeline_dag.py for tasks to queue
[2026-04-06T07:11:55.639+0000] {logging_mixin.py:188} INFO - [2026-04-06T07:11:55.639+0000] {dagbag.py:538} INFO - Filling up the DagBag from /opt/airflow/dags/pipeline_dag.py
[2026-04-06T07:11:55.657+0000] {processor.py:840} INFO - DAG(s) 'customer_transaction_pipeline' retrieved from /opt/airflow/dags/pipeline_dag.py
[2026-04-06T07:11:55.688+0000] {logging_mixin.py:188} INFO - [2026-04-06T07:11:55.688+0000] {dag.py:3036} INFO - Sync 1 DAGs
[2026-04-06T07:11:55.714+0000] {logging_mixin.py:188} INFO - [2026-04-06T07:11:55.713+0000] {dag.py:3823} INFO - Setting next_dagrun for customer_transaction_pipeline to 2026-04-06 00:00:00+00:00, run_after=2026-04-07 00:00:00+00:00
[2026-04-06T07:11:55.740+0000] {processor.py:183} INFO - Processing /opt/airflow/dags/pipeline_dag.py took 0.107 seconds
[2026-04-06T07:12:25.938+0000] {processor.py:161} INFO - Started process (PID=324) to work on /opt/airflow/dags/pipeline_dag.py
[2026-04-06T07:12:25.940+0000] {processor.py:830} INFO - Processing file /opt/airflow/dags/pipeline_dag.py for tasks to queue
[2026-04-06T07:12:25.941+0000] {logging_mixin.py:188} INFO - [2026-04-06T07:12:25.941+0000] {dagbag.py:538} INFO - Filling up the DagBag from /opt/airflow/dags/pipeline_dag.py
[2026-04-06T07:12:25.969+0000] {processor.py:840} INFO - DAG(s) 'customer_transaction_pipeline' retrieved from /opt/airflow/dags/pipeline_dag.py
[2026-04-06T07:12:26.005+0000] {logging_mixin.py:188} INFO - [2026-04-06T07:12:26.004+0000] {dag.py:3036} INFO - Sync 1 DAGs
[2026-04-06T07:12:26.029+0000] {logging_mixin.py:188} INFO - [2026-04-06T07:12:26.029+0000] {dag.py:3823} INFO - Setting next_dagrun for customer_transaction_pipeline to 2026-04-06 00:00:00+00:00, run_after=2026-04-07 00:00:00+00:00
[2026-04-06T07:12:26.053+0000] {processor.py:183} INFO - Processing /opt/airflow/dags/pipeline_dag.py took 0.121 seconds
[2026-04-06T07:12:56.217+0000] {processor.py:161} INFO - Started process (PID=329) to work on /opt/airflow/dags/pipeline_dag.py
[2026-04-06T07:12:56.218+0000] {processor.py:830} INFO - Processing file /opt/airflow/dags/pipeline_dag.py for tasks to queue
[2026-04-06T07:12:56.220+0000] {logging_mixin.py:188} INFO - [2026-04-06T07:12:56.219+0000] {dagbag.py:538} INFO - Filling up the DagBag from /opt/airflow/dags/pipeline_dag.py
[2026-04-06T07:12:56.246+0000] {processor.py:840} INFO - DAG(s) 'customer_transaction_pipeline' retrieved from /opt/airflow/dags/pipeline_dag.py
[2026-04-06T07:12:56.280+0000] {logging_mixin.py:188} INFO - [2026-04-06T07:12:56.279+0000] {dag.py:3036} INFO - Sync 1 DAGs
[2026-04-06T07:12:56.316+0000] {logging_mixin.py:188} INFO - [2026-04-06T07:12:56.316+0000] {dag.py:3823} INFO - Setting next_dagrun for customer_transaction_pipeline to 2026-04-06 00:00:00+00:00, run_after=2026-04-07 00:00:00+00:00
[2026-04-06T07:12:56.344+0000] {processor.py:183} INFO - Processing /opt/airflow/dags/pipeline_dag.py took 0.130 seconds
[2026-04-06T07:13:26.564+0000] {processor.py:161} INFO - Started process (PID=334) to work on /opt/airflow/dags/pipeline_dag.py
[2026-04-06T07:13:26.565+0000] {processor.py:830} INFO - Processing file /opt/airflow/dags/pipeline_dag.py for tasks to queue
[2026-04-06T07:13:26.567+0000] {logging_mixin.py:188} INFO - [2026-04-06T07:13:26.567+0000] {dagbag.py:538} INFO - Filling up the DagBag from /opt/airflow/dags/pipeline_dag.py
[2026-04-06T07:13:26.587+0000] {processor.py:840} INFO - DAG(s) 'customer_transaction_pipeline' retrieved from /opt/airflow/dags/pipeline_dag.py
[2026-04-06T07:13:26.614+0000] {logging_mixin.py:188} INFO - [2026-04-06T07:13:26.614+0000] {dag.py:3036} INFO - Sync 1 DAGs
[2026-04-06T07:13:26.637+0000] {logging_mixin.py:188} INFO - [2026-04-06T07:13:26.636+0000] {dag.py:3823} INFO - Setting next_dagrun for customer_transaction_pipeline to 2026-04-06 00:00:00+00:00, run_after=2026-04-07 00:00:00+00:00
[2026-04-06T07:13:26.660+0000] {processor.py:183} INFO - Processing /opt/airflow/dags/pipeline_dag.py took 0.098 seconds
[2026-04-06T07:13:56.813+0000] {processor.py:161} INFO - Started process (PID=339) to work on /opt/airflow/dags/pipeline_dag.py
[2026-04-06T07:13:56.814+0000] {processor.py:830} INFO - Processing file /opt/airflow/dags/pipeline_dag.py for tasks to queue
[2026-04-06T07:13:56.815+0000] {logging_mixin.py:188} INFO - [2026-04-06T07:13:56.815+0000] {dagbag.py:538} INFO - Filling up the DagBag from /opt/airflow/dags/pipeline_dag.py
[2026-04-06T07:13:56.837+0000] {processor.py:840} INFO - DAG(s) 'customer_transaction_pipeline' retrieved from /opt/airflow/dags/pipeline_dag.py
[2026-04-06T07:13:56.870+0000] {logging_mixin.py:188} INFO - [2026-04-06T07:13:56.870+0000] {dag.py:3036} INFO - Sync 1 DAGs
[2026-04-06T07:13:56.894+0000] {logging_mixin.py:188} INFO - [2026-04-06T07:13:56.894+0000] {dag.py:3823} INFO - Setting next_dagrun for customer_transaction_pipeline to 2026-04-06 00:00:00+00:00, run_after=2026-04-07 00:00:00+00:00
[2026-04-06T07:13:56.931+0000] {processor.py:183} INFO - Processing /opt/airflow/dags/pipeline_dag.py took 0.121 seconds
[2026-04-06T07:14:27.177+0000] {processor.py:161} INFO - Started process (PID=344) to work on /opt/airflow/dags/pipeline_dag.py
[2026-04-06T07:14:27.178+0000] {processor.py:830} INFO - Processing file /opt/airflow/dags/pipeline_dag.py for tasks to queue
[2026-04-06T07:14:27.180+0000] {logging_mixin.py:188} INFO - [2026-04-06T07:14:27.179+0000] {dagbag.py:538} INFO - Filling up the DagBag from /opt/airflow/dags/pipeline_dag.py
[2026-04-06T07:14:27.201+0000] {processor.py:840} INFO - DAG(s) 'customer_transaction_pipeline' retrieved from /opt/airflow/dags/pipeline_dag.py
[2026-04-06T07:14:27.228+0000] {logging_mixin.py:188} INFO - [2026-04-06T07:14:27.228+0000] {dag.py:3036} INFO - Sync 1 DAGs
[2026-04-06T07:14:27.251+0000] {logging_mixin.py:188} INFO - [2026-04-06T07:14:27.250+0000] {dag.py:3823} INFO - Setting next_dagrun for customer_transaction_pipeline to 2026-04-06 00:00:00+00:00, run_after=2026-04-07 00:00:00+00:00
[2026-04-06T07:14:27.289+0000] {processor.py:183} INFO - Processing /opt/airflow/dags/pipeline_dag.py took 0.115 seconds
[2026-04-06T07:14:57.425+0000] {processor.py:161} INFO - Started process (PID=349) to work on /opt/airflow/dags/pipeline_dag.py
[2026-04-06T07:14:57.427+0000] {processor.py:830} INFO - Processing file /opt/airflow/dags/pipeline_dag.py for tasks to queue
[2026-04-06T07:14:57.428+0000] {logging_mixin.py:188} INFO - [2026-04-06T07:14:57.428+0000] {dagbag.py:538} INFO - Filling up the DagBag from /opt/airflow/dags/pipeline_dag.py
[2026-04-06T07:14:57.450+0000] {processor.py:840} INFO - DAG(s) 'customer_transaction_pipeline' retrieved from /opt/airflow/dags/pipeline_dag.py
[2026-04-06T07:14:57.482+0000] {logging_mixin.py:188} INFO - [2026-04-06T07:14:57.482+0000] {dag.py:3036} INFO - Sync 1 DAGs
[2026-04-06T07:14:57.513+0000] {logging_mixin.py:188} INFO - [2026-04-06T07:14:57.513+0000] {dag.py:3823} INFO - Setting next_dagrun for customer_transaction_pipeline to 2026-04-06 00:00:00+00:00, run_after=2026-04-07 00:00:00+00:00
[2026-04-06T07:14:57.539+0000] {processor.py:183} INFO - Processing /opt/airflow/dags/pipeline_dag.py took 0.118 seconds
[2026-04-06T07:15:27.789+0000] {processor.py:161} INFO - Started process (PID=354) to work on /opt/airflow/dags/pipeline_dag.py
[2026-04-06T07:15:27.791+0000] {processor.py:830} INFO - Processing file /opt/airflow/dags/pipeline_dag.py for tasks to queue
[2026-04-06T07:15:27.792+0000] {logging_mixin.py:188} INFO - [2026-04-06T07:15:27.791+0000] {dagbag.py:538} INFO - Filling up the DagBag from /opt/airflow/dags/pipeline_dag.py
[2026-04-06T07:15:27.815+0000] {processor.py:840} INFO - DAG(s) 'customer_transaction_pipeline' retrieved from /opt/airflow/dags/pipeline_dag.py
[2026-04-06T07:15:27.841+0000] {logging_mixin.py:188} INFO - [2026-04-06T07:15:27.840+0000] {dag.py:3036} INFO - Sync 1 DAGs
[2026-04-06T07:15:27.875+0000] {logging_mixin.py:188} INFO - [2026-04-06T07:15:27.874+0000] {dag.py:3823} INFO - Setting next_dagrun for customer_transaction_pipeline to 2026-04-06 00:00:00+00:00, run_after=2026-04-07 00:00:00+00:00
[2026-04-06T07:15:27.901+0000] {processor.py:183} INFO - Processing /opt/airflow/dags/pipeline_dag.py took 0.114 seconds
[2026-04-06T07:15:58.042+0000] {processor.py:161} INFO - Started process (PID=371) to work on /opt/airflow/dags/pipeline_dag.py
[2026-04-06T07:15:58.044+0000] {processor.py:830} INFO - Processing file /opt/airflow/dags/pipeline_dag.py for tasks to queue
[2026-04-06T07:15:58.045+0000] {logging_mixin.py:188} INFO - [2026-04-06T07:15:58.045+0000] {dagbag.py:538} INFO - Filling up the DagBag from /opt/airflow/dags/pipeline_dag.py
[2026-04-06T07:15:58.077+0000] {processor.py:840} INFO - DAG(s) 'customer_transaction_pipeline' retrieved from /opt/airflow/dags/pipeline_dag.py
[2026-04-06T07:15:58.117+0000] {logging_mixin.py:188} INFO - [2026-04-06T07:15:58.117+0000] {dag.py:3036} INFO - Sync 1 DAGs
[2026-04-06T07:15:58.146+0000] {logging_mixin.py:188} INFO - [2026-04-06T07:15:58.145+0000] {dag.py:3823} INFO - Setting next_dagrun for customer_transaction_pipeline to 2026-04-06 00:00:00+00:00, run_after=2026-04-07 00:00:00+00:00
[2026-04-06T07:15:58.187+0000] {processor.py:183} INFO - Processing /opt/airflow/dags/pipeline_dag.py took 0.150 seconds
[2026-04-06T07:16:28.374+0000] {processor.py:161} INFO - Started process (PID=376) to work on /opt/airflow/dags/pipeline_dag.py
[2026-04-06T07:16:28.376+0000] {processor.py:830} INFO - Processing file /opt/airflow/dags/pipeline_dag.py for tasks to queue
[2026-04-06T07:16:28.378+0000] {logging_mixin.py:188} INFO - [2026-04-06T07:16:28.378+0000] {dagbag.py:538} INFO - Filling up the DagBag from /opt/airflow/dags/pipeline_dag.py
[2026-04-06T07:16:28.404+0000] {processor.py:840} INFO - DAG(s) 'customer_transaction_pipeline' retrieved from /opt/airflow/dags/pipeline_dag.py
[2026-04-06T07:16:28.439+0000] {logging_mixin.py:188} INFO - [2026-04-06T07:16:28.439+0000] {dag.py:3036} INFO - Sync 1 DAGs
[2026-04-06T07:16:28.465+0000] {logging_mixin.py:188} INFO - [2026-04-06T07:16:28.465+0000] {dag.py:3823} INFO - Setting next_dagrun for customer_transaction_pipeline to 2026-04-06 00:00:00+00:00, run_after=2026-04-07 00:00:00+00:00
[2026-04-06T07:16:28.493+0000] {processor.py:183} INFO - Processing /opt/airflow/dags/pipeline_dag.py took 0.126 seconds
[2026-04-06T07:16:58.735+0000] {processor.py:161} INFO - Started process (PID=381) to work on /opt/airflow/dags/pipeline_dag.py
[2026-04-06T07:16:58.736+0000] {processor.py:830} INFO - Processing file /opt/airflow/dags/pipeline_dag.py for tasks to queue
[2026-04-06T07:16:58.738+0000] {logging_mixin.py:188} INFO - [2026-04-06T07:16:58.738+0000] {dagbag.py:538} INFO - Filling up the DagBag from /opt/airflow/dags/pipeline_dag.py
[2026-04-06T07:16:58.813+0000] {processor.py:840} INFO - DAG(s) 'customer_transaction_pipeline' retrieved from /opt/airflow/dags/pipeline_dag.py
[2026-04-06T07:16:58.841+0000] {logging_mixin.py:188} INFO - [2026-04-06T07:16:58.840+0000] {dag.py:3036} INFO - Sync 1 DAGs
[2026-04-06T07:16:58.860+0000] {logging_mixin.py:188} INFO - [2026-04-06T07:16:58.860+0000] {dag.py:3823} INFO - Setting next_dagrun for customer_transaction_pipeline to 2026-04-06 00:00:00+00:00, run_after=2026-04-07 00:00:00+00:00
[2026-04-06T07:16:58.881+0000] {processor.py:183} INFO - Processing /opt/airflow/dags/pipeline_dag.py took 0.149 seconds
[2026-04-06T07:17:29.043+0000] {processor.py:161} INFO - Started process (PID=386) to work on /opt/airflow/dags/pipeline_dag.py
[2026-04-06T07:17:29.045+0000] {processor.py:830} INFO - Processing file /opt/airflow/dags/pipeline_dag.py for tasks to queue
[2026-04-06T07:17:29.046+0000] {logging_mixin.py:188} INFO - [2026-04-06T07:17:29.046+0000] {dagbag.py:538} INFO - Filling up the DagBag from /opt/airflow/dags/pipeline_dag.py
[2026-04-06T07:17:29.071+0000] {processor.py:840} INFO - DAG(s) 'customer_transaction_pipeline' retrieved from /opt/airflow/dags/pipeline_dag.py
[2026-04-06T07:17:29.103+0000] {logging_mixin.py:188} INFO - [2026-04-06T07:17:29.102+0000] {dag.py:3036} INFO - Sync 1 DAGs
[2026-04-06T07:17:29.126+0000] {logging_mixin.py:188} INFO - [2026-04-06T07:17:29.126+0000] {dag.py:3823} INFO - Setting next_dagrun for customer_transaction_pipeline to 2026-04-06 00:00:00+00:00, run_after=2026-04-07 00:00:00+00:00
[2026-04-06T07:17:29.150+0000] {processor.py:183} INFO - Processing /opt/airflow/dags/pipeline_dag.py took 0.111 seconds
[2026-04-06T07:17:59.369+0000] {processor.py:161} INFO - Started process (PID=391) to work on /opt/airflow/dags/pipeline_dag.py
[2026-04-06T07:17:59.370+0000] {processor.py:830} INFO - Processing file /opt/airflow/dags/pipeline_dag.py for tasks to queue
[2026-04-06T07:17:59.371+0000] {logging_mixin.py:188} INFO - [2026-04-06T07:17:59.371+0000] {dagbag.py:538} INFO - Filling up the DagBag from /opt/airflow/dags/pipeline_dag.py
[2026-04-06T07:17:59.394+0000] {processor.py:840} INFO - DAG(s) 'customer_transaction_pipeline' retrieved from /opt/airflow/dags/pipeline_dag.py
[2026-04-06T07:17:59.425+0000] {logging_mixin.py:188} INFO - [2026-04-06T07:17:59.425+0000] {dag.py:3036} INFO - Sync 1 DAGs
[2026-04-06T07:17:59.450+0000] {logging_mixin.py:188} INFO - [2026-04-06T07:17:59.450+0000] {dag.py:3823} INFO - Setting next_dagrun for customer_transaction_pipeline to 2026-04-06 00:00:00+00:00, run_after=2026-04-07 00:00:00+00:00
[2026-04-06T07:17:59.483+0000] {processor.py:183} INFO - Processing /opt/airflow/dags/pipeline_dag.py took 0.117 seconds
[2026-04-06T07:18:29.662+0000] {processor.py:161} INFO - Started process (PID=396) to work on /opt/airflow/dags/pipeline_dag.py
[2026-04-06T07:18:29.663+0000] {processor.py:830} INFO - Processing file /opt/airflow/dags/pipeline_dag.py for tasks to queue
[2026-04-06T07:18:29.665+0000] {logging_mixin.py:188} INFO - [2026-04-06T07:18:29.664+0000] {dagbag.py:538} INFO - Filling up the DagBag from /opt/airflow/dags/pipeline_dag.py
[2026-04-06T07:18:29.688+0000] {processor.py:840} INFO - DAG(s) 'customer_transaction_pipeline' retrieved from /opt/airflow/dags/pipeline_dag.py
[2026-04-06T07:18:29.718+0000] {logging_mixin.py:188} INFO - [2026-04-06T07:18:29.717+0000] {dag.py:3036} INFO - Sync 1 DAGs
[2026-04-06T07:18:29.743+0000] {logging_mixin.py:188} INFO - [2026-04-06T07:18:29.743+0000] {dag.py:3823} INFO - Setting next_dagrun for customer_transaction_pipeline to 2026-04-06 00:00:00+00:00, run_after=2026-04-07 00:00:00+00:00
[2026-04-06T07:18:29.767+0000] {processor.py:183} INFO - Processing /opt/airflow/dags/pipeline_dag.py took 0.111 seconds
[2026-04-06T07:18:59.974+0000] {processor.py:161} INFO - Started process (PID=401) to work on /opt/airflow/dags/pipeline_dag.py
[2026-04-06T07:18:59.976+0000] {processor.py:830} INFO - Processing file /opt/airflow/dags/pipeline_dag.py for tasks to queue
[2026-04-06T07:18:59.978+0000] {logging_mixin.py:188} INFO - [2026-04-06T07:18:59.977+0000] {dagbag.py:538} INFO - Filling up the DagBag from /opt/airflow/dags/pipeline_dag.py
[2026-04-06T07:19:00.011+0000] {processor.py:840} INFO - DAG(s) 'customer_transaction_pipeline' retrieved from /opt/airflow/dags/pipeline_dag.py
[2026-04-06T07:19:00.058+0000] {logging_mixin.py:188} INFO - [2026-04-06T07:19:00.058+0000] {dag.py:3036} INFO - Sync 1 DAGs
[2026-04-06T07:19:00.085+0000] {logging_mixin.py:188} INFO - [2026-04-06T07:19:00.085+0000] {dag.py:3823} INFO - Setting next_dagrun for customer_transaction_pipeline to 2026-04-06 00:00:00+00:00, run_after=2026-04-07 00:00:00+00:00
[2026-04-06T07:19:00.115+0000] {processor.py:183} INFO - Processing /opt/airflow/dags/pipeline_dag.py took 0.145 seconds
[2026-04-06T07:19:30.276+0000] {processor.py:161} INFO - Started process (PID=406) to work on /opt/airflow/dags/pipeline_dag.py
[2026-04-06T07:19:30.278+0000] {processor.py:830} INFO - Processing file /opt/airflow/dags/pipeline_dag.py for tasks to queue
[2026-04-06T07:19:30.279+0000] {logging_mixin.py:188} INFO - [2026-04-06T07:19:30.279+0000] {dagbag.py:538} INFO - Filling up the DagBag from /opt/airflow/dags/pipeline_dag.py
[2026-04-06T07:19:30.309+0000] {processor.py:840} INFO - DAG(s) 'customer_transaction_pipeline' retrieved from /opt/airflow/dags/pipeline_dag.py
[2026-04-06T07:19:30.339+0000] {logging_mixin.py:188} INFO - [2026-04-06T07:19:30.339+0000] {dag.py:3036} INFO - Sync 1 DAGs
[2026-04-06T07:19:30.362+0000] {logging_mixin.py:188} INFO - [2026-04-06T07:19:30.362+0000] {dag.py:3823} INFO - Setting next_dagrun for customer_transaction_pipeline to 2026-04-06 00:00:00+00:00, run_after=2026-04-07 00:00:00+00:00
[2026-04-06T07:19:30.386+0000] {processor.py:183} INFO - Processing /opt/airflow/dags/pipeline_dag.py took 0.113 seconds
[2026-04-06T07:20:00.624+0000] {processor.py:161} INFO - Started process (PID=411) to work on /opt/airflow/dags/pipeline_dag.py
[2026-04-06T07:20:00.625+0000] {processor.py:830} INFO - Processing file /opt/airflow/dags/pipeline_dag.py for tasks to queue
[2026-04-06T07:20:00.626+0000] {logging_mixin.py:188} INFO - [2026-04-06T07:20:00.625+0000] {dagbag.py:538} INFO - Filling up the DagBag from /opt/airflow/dags/pipeline_dag.py
[2026-04-06T07:20:00.644+0000] {processor.py:840} INFO - DAG(s) 'customer_transaction_pipeline' retrieved from /opt/airflow/dags/pipeline_dag.py
[2026-04-06T07:20:00.669+0000] {logging_mixin.py:188} INFO - [2026-04-06T07:20:00.669+0000] {dag.py:3036} INFO - Sync 1 DAGs
[2026-04-06T07:20:00.690+0000] {logging_mixin.py:188} INFO - [2026-04-06T07:20:00.690+0000] {dag.py:3823} INFO - Setting next_dagrun for customer_transaction_pipeline to 2026-04-06 00:00:00+00:00, run_after=2026-04-07 00:00:00+00:00
[2026-04-06T07:20:00.713+0000] {processor.py:183} INFO - Processing /opt/airflow/dags/pipeline_dag.py took 0.092 seconds
[2026-04-06T07:20:30.937+0000] {processor.py:161} INFO - Started process (PID=416) to work on /opt/airflow/dags/pipeline_dag.py
[2026-04-06T07:20:30.939+0000] {processor.py:830} INFO - Processing file /opt/airflow/dags/pipeline_dag.py for tasks to queue
[2026-04-06T07:20:30.940+0000] {logging_mixin.py:188} INFO - [2026-04-06T07:20:30.939+0000] {dagbag.py:538} INFO - Filling up the DagBag from /opt/airflow/dags/pipeline_dag.py
[2026-04-06T07:20:30.959+0000] {processor.py:840} INFO - DAG(s) 'customer_transaction_pipeline' retrieved from /opt/airflow/dags/pipeline_dag.py
[2026-04-06T07:20:30.982+0000] {logging_mixin.py:188} INFO - [2026-04-06T07:20:30.982+0000] {dag.py:3036} INFO - Sync 1 DAGs
[2026-04-06T07:20:31.002+0000] {logging_mixin.py:188} INFO - [2026-04-06T07:20:31.002+0000] {dag.py:3823} INFO - Setting next_dagrun for customer_transaction_pipeline to 2026-04-06 00:00:00+00:00, run_after=2026-04-07 00:00:00+00:00
[2026-04-06T07:20:31.024+0000] {processor.py:183} INFO - Processing /opt/airflow/dags/pipeline_dag.py took 0.090 seconds
[2026-04-06T07:21:01.270+0000] {processor.py:161} INFO - Started process (PID=421) to work on /opt/airflow/dags/pipeline_dag.py
[2026-04-06T07:21:01.271+0000] {processor.py:830} INFO - Processing file /opt/airflow/dags/pipeline_dag.py for tasks to queue
[2026-04-06T07:21:01.272+0000] {logging_mixin.py:188} INFO - [2026-04-06T07:21:01.272+0000] {dagbag.py:538} INFO - Filling up the DagBag from /opt/airflow/dags/pipeline_dag.py
[2026-04-06T07:21:01.293+0000] {processor.py:840} INFO - DAG(s) 'customer_transaction_pipeline' retrieved from /opt/airflow/dags/pipeline_dag.py
[2026-04-06T07:21:01.320+0000] {logging_mixin.py:188} INFO - [2026-04-06T07:21:01.320+0000] {dag.py:3036} INFO - Sync 1 DAGs
[2026-04-06T07:21:01.341+0000] {logging_mixin.py:188} INFO - [2026-04-06T07:21:01.341+0000] {dag.py:3823} INFO - Setting next_dagrun for customer_transaction_pipeline to 2026-04-06 00:00:00+00:00, run_after=2026-04-07 00:00:00+00:00
[2026-04-06T07:21:01.364+0000] {processor.py:183} INFO - Processing /opt/airflow/dags/pipeline_dag.py took 0.096 seconds
[2026-04-06T07:21:31.573+0000] {processor.py:161} INFO - Started process (PID=426) to work on /opt/airflow/dags/pipeline_dag.py
[2026-04-06T07:21:31.575+0000] {processor.py:830} INFO - Processing file /opt/airflow/dags/pipeline_dag.py for tasks to queue
[2026-04-06T07:21:31.576+0000] {logging_mixin.py:188} INFO - [2026-04-06T07:21:31.576+0000] {dagbag.py:538} INFO - Filling up the DagBag from /opt/airflow/dags/pipeline_dag.py
[2026-04-06T07:21:31.594+0000] {processor.py:840} INFO - DAG(s) 'customer_transaction_pipeline' retrieved from /opt/airflow/dags/pipeline_dag.py
[2026-04-06T07:21:31.621+0000] {logging_mixin.py:188} INFO - [2026-04-06T07:21:31.621+0000] {dag.py:3036} INFO - Sync 1 DAGs
[2026-04-06T07:21:31.644+0000] {logging_mixin.py:188} INFO - [2026-04-06T07:21:31.644+0000] {dag.py:3823} INFO - Setting next_dagrun for customer_transaction_pipeline to 2026-04-06 00:00:00+00:00, run_after=2026-04-07 00:00:00+00:00
[2026-04-06T07:21:31.666+0000] {processor.py:183} INFO - Processing /opt/airflow/dags/pipeline_dag.py took 0.096 seconds
[2026-04-06T07:22:01.873+0000] {processor.py:161} INFO - Started process (PID=431) to work on /opt/airflow/dags/pipeline_dag.py
[2026-04-06T07:22:01.874+0000] {processor.py:830} INFO - Processing file /opt/airflow/dags/pipeline_dag.py for tasks to queue
[2026-04-06T07:22:01.875+0000] {logging_mixin.py:188} INFO - [2026-04-06T07:22:01.875+0000] {dagbag.py:538} INFO - Filling up the DagBag from /opt/airflow/dags/pipeline_dag.py
[2026-04-06T07:22:01.894+0000] {processor.py:840} INFO - DAG(s) 'customer_transaction_pipeline' retrieved from /opt/airflow/dags/pipeline_dag.py
[2026-04-06T07:22:01.923+0000] {logging_mixin.py:188} INFO - [2026-04-06T07:22:01.923+0000] {dag.py:3036} INFO - Sync 1 DAGs
[2026-04-06T07:22:01.945+0000] {logging_mixin.py:188} INFO - [2026-04-06T07:22:01.945+0000] {dag.py:3823} INFO - Setting next_dagrun for customer_transaction_pipeline to 2026-04-06 00:00:00+00:00, run_after=2026-04-07 00:00:00+00:00
[2026-04-06T07:22:01.967+0000] {processor.py:183} INFO - Processing /opt/airflow/dags/pipeline_dag.py took 0.098 seconds
[2026-04-06T07:22:32.200+0000] {processor.py:161} INFO - Started process (PID=436) to work on /opt/airflow/dags/pipeline_dag.py
[2026-04-06T07:22:32.201+0000] {processor.py:830} INFO - Processing file /opt/airflow/dags/pipeline_dag.py for tasks to queue
[2026-04-06T07:22:32.202+0000] {logging_mixin.py:188} INFO - [2026-04-06T07:22:32.202+0000] {dagbag.py:538} INFO - Filling up the DagBag from /opt/airflow/dags/pipeline_dag.py
[2026-04-06T07:22:32.222+0000] {processor.py:840} INFO - DAG(s) 'customer_transaction_pipeline' retrieved from /opt/airflow/dags/pipeline_dag.py
[2026-04-06T07:22:32.251+0000] {logging_mixin.py:188} INFO - [2026-04-06T07:22:32.251+0000] {dag.py:3036} INFO - Sync 1 DAGs
[2026-04-06T07:22:32.272+0000] {logging_mixin.py:188} INFO - [2026-04-06T07:22:32.272+0000] {dag.py:3823} INFO - Setting next_dagrun for customer_transaction_pipeline to 2026-04-06 00:00:00+00:00, run_after=2026-04-07 00:00:00+00:00
[2026-04-06T07:22:32.297+0000] {processor.py:183} INFO - Processing /opt/airflow/dags/pipeline_dag.py took 0.100 seconds
[2026-04-06T07:23:02.515+0000] {processor.py:161} INFO - Started process (PID=441) to work on /opt/airflow/dags/pipeline_dag.py
[2026-04-06T07:23:02.516+0000] {processor.py:830} INFO - Processing file /opt/airflow/dags/pipeline_dag.py for tasks to queue
[2026-04-06T07:23:02.517+0000] {logging_mixin.py:188} INFO - [2026-04-06T07:23:02.517+0000] {dagbag.py:538} INFO - Filling up the DagBag from /opt/airflow/dags/pipeline_dag.py
[2026-04-06T07:23:02.535+0000] {processor.py:840} INFO - DAG(s) 'customer_transaction_pipeline' retrieved from /opt/airflow/dags/pipeline_dag.py
[2026-04-06T07:23:02.560+0000] {logging_mixin.py:188} INFO - [2026-04-06T07:23:02.560+0000] {dag.py:3036} INFO - Sync 1 DAGs
[2026-04-06T07:23:02.582+0000] {logging_mixin.py:188} INFO - [2026-04-06T07:23:02.581+0000] {dag.py:3823} INFO - Setting next_dagrun for customer_transaction_pipeline to 2026-04-06 00:00:00+00:00, run_after=2026-04-07 00:00:00+00:00
[2026-04-06T07:23:02.615+0000] {processor.py:183} INFO - Processing /opt/airflow/dags/pipeline_dag.py took 0.103 seconds
[2026-04-06T07:23:32.809+0000] {processor.py:161} INFO - Started process (PID=446) to work on /opt/airflow/dags/pipeline_dag.py
[2026-04-06T07:23:32.811+0000] {processor.py:830} INFO - Processing file /opt/airflow/dags/pipeline_dag.py for tasks to queue
[2026-04-06T07:23:32.812+0000] {logging_mixin.py:188} INFO - [2026-04-06T07:23:32.812+0000] {dagbag.py:538} INFO - Filling up the DagBag from /opt/airflow/dags/pipeline_dag.py
[2026-04-06T07:23:32.832+0000] {processor.py:840} INFO - DAG(s) 'customer_transaction_pipeline' retrieved from /opt/airflow/dags/pipeline_dag.py
[2026-04-06T07:23:32.859+0000] {logging_mixin.py:188} INFO - [2026-04-06T07:23:32.859+0000] {dag.py:3036} INFO - Sync 1 DAGs
[2026-04-06T07:23:32.881+0000] {logging_mixin.py:188} INFO - [2026-04-06T07:23:32.881+0000] {dag.py:3823} INFO - Setting next_dagrun for customer_transaction_pipeline to 2026-04-06 00:00:00+00:00, run_after=2026-04-07 00:00:00+00:00
[2026-04-06T07:23:32.904+0000] {processor.py:183} INFO - Processing /opt/airflow/dags/pipeline_dag.py took 0.098 seconds
[2026-04-06T07:24:03.133+0000] {processor.py:161} INFO - Started process (PID=451) to work on /opt/airflow/dags/pipeline_dag.py
[2026-04-06T07:24:03.135+0000] {processor.py:830} INFO - Processing file /opt/airflow/dags/pipeline_dag.py for tasks to queue
[2026-04-06T07:24:03.137+0000] {logging_mixin.py:188} INFO - [2026-04-06T07:24:03.136+0000] {dagbag.py:538} INFO - Filling up the DagBag from /opt/airflow/dags/pipeline_dag.py
[2026-04-06T07:24:03.168+0000] {processor.py:840} INFO - DAG(s) 'customer_transaction_pipeline' retrieved from /opt/airflow/dags/pipeline_dag.py
[2026-04-06T07:24:03.210+0000] {logging_mixin.py:188} INFO - [2026-04-06T07:24:03.209+0000] {dag.py:3036} INFO - Sync 1 DAGs
[2026-04-06T07:24:03.248+0000] {logging_mixin.py:188} INFO - [2026-04-06T07:24:03.248+0000] {dag.py:3823} INFO - Setting next_dagrun for customer_transaction_pipeline to 2026-04-06 00:00:00+00:00, run_after=2026-04-07 00:00:00+00:00
[2026-04-06T07:24:03.273+0000] {processor.py:183} INFO - Processing /opt/airflow/dags/pipeline_dag.py took 0.145 seconds
[2026-04-06T07:24:33.377+0000] {processor.py:161} INFO - Started process (PID=456) to work on /opt/airflow/dags/pipeline_dag.py
[2026-04-06T07:24:33.379+0000] {processor.py:830} INFO - Processing file /opt/airflow/dags/pipeline_dag.py for tasks to queue
[2026-04-06T07:24:33.380+0000] {logging_mixin.py:188} INFO - [2026-04-06T07:24:33.380+0000] {dagbag.py:538} INFO - Filling up the DagBag from /opt/airflow/dags/pipeline_dag.py
[2026-04-06T07:24:33.408+0000] {processor.py:840} INFO - DAG(s) 'customer_transaction_pipeline' retrieved from /opt/airflow/dags/pipeline_dag.py
[2026-04-06T07:24:33.446+0000] {logging_mixin.py:188} INFO - [2026-04-06T07:24:33.446+0000] {dag.py:3036} INFO - Sync 1 DAGs
[2026-04-06T07:24:33.473+0000] {logging_mixin.py:188} INFO - [2026-04-06T07:24:33.473+0000] {dag.py:3823} INFO - Setting next_dagrun for customer_transaction_pipeline to 2026-04-06 00:00:00+00:00, run_after=2026-04-07 00:00:00+00:00
[2026-04-06T07:24:33.500+0000] {processor.py:183} INFO - Processing /opt/airflow/dags/pipeline_dag.py took 0.129 seconds
[2026-04-06T07:25:03.669+0000] {processor.py:161} INFO - Started process (PID=461) to work on /opt/airflow/dags/pipeline_dag.py
[2026-04-06T07:25:03.670+0000] {processor.py:830} INFO - Processing file /opt/airflow/dags/pipeline_dag.py for tasks to queue
[2026-04-06T07:25:03.671+0000] {logging_mixin.py:188} INFO - [2026-04-06T07:25:03.671+0000] {dagbag.py:538} INFO - Filling up the DagBag from /opt/airflow/dags/pipeline_dag.py
[2026-04-06T07:25:03.695+0000] {processor.py:840} INFO - DAG(s) 'customer_transaction_pipeline' retrieved from /opt/airflow/dags/pipeline_dag.py
[2026-04-06T07:25:03.722+0000] {logging_mixin.py:188} INFO - [2026-04-06T07:25:03.722+0000] {dag.py:3036} INFO - Sync 1 DAGs
[2026-04-06T07:25:03.744+0000] {logging_mixin.py:188} INFO - [2026-04-06T07:25:03.744+0000] {dag.py:3823} INFO - Setting next_dagrun for customer_transaction_pipeline to 2026-04-06 00:00:00+00:00, run_after=2026-04-07 00:00:00+00:00
[2026-04-06T07:25:03.767+0000] {processor.py:183} INFO - Processing /opt/airflow/dags/pipeline_dag.py took 0.101 seconds
[2026-04-06T07:25:33.886+0000] {processor.py:161} INFO - Started process (PID=466) to work on /opt/airflow/dags/pipeline_dag.py
[2026-04-06T07:25:33.887+0000] {processor.py:830} INFO - Processing file /opt/airflow/dags/pipeline_dag.py for tasks to queue
[2026-04-06T07:25:33.888+0000] {logging_mixin.py:188} INFO - [2026-04-06T07:25:33.888+0000] {dagbag.py:538} INFO - Filling up the DagBag from /opt/airflow/dags/pipeline_dag.py
[2026-04-06T07:25:33.907+0000] {processor.py:840} INFO - DAG(s) 'customer_transaction_pipeline' retrieved from /opt/airflow/dags/pipeline_dag.py
[2026-04-06T07:25:33.939+0000] {logging_mixin.py:188} INFO - [2026-04-06T07:25:33.939+0000] {dag.py:3036} INFO - Sync 1 DAGs
[2026-04-06T07:25:33.966+0000] {logging_mixin.py:188} INFO - [2026-04-06T07:25:33.965+0000] {dag.py:3823} INFO - Setting next_dagrun for customer_transaction_pipeline to 2026-04-06 00:00:00+00:00, run_after=2026-04-07 00:00:00+00:00
[2026-04-06T07:25:33.990+0000] {processor.py:183} INFO - Processing /opt/airflow/dags/pipeline_dag.py took 0.108 seconds
[2026-04-06T07:26:06.310+0000] {processor.py:161} INFO - Started process (PID=471) to work on /opt/airflow/dags/pipeline_dag.py
[2026-04-06T07:26:06.316+0000] {processor.py:830} INFO - Processing file /opt/airflow/dags/pipeline_dag.py for tasks to queue
[2026-04-06T07:26:06.320+0000] {logging_mixin.py:188} INFO - [2026-04-06T07:26:06.319+0000] {dagbag.py:538} INFO - Filling up the DagBag from /opt/airflow/dags/pipeline_dag.py
[2026-04-06T07:26:06.416+0000] {processor.py:840} INFO - DAG(s) 'customer_transaction_pipeline' retrieved from /opt/airflow/dags/pipeline_dag.py
[2026-04-06T07:26:06.503+0000] {logging_mixin.py:188} INFO - [2026-04-06T07:26:06.502+0000] {dag.py:3036} INFO - Sync 1 DAGs
[2026-04-06T07:26:06.563+0000] {logging_mixin.py:188} INFO - [2026-04-06T07:26:06.563+0000] {dag.py:3823} INFO - Setting next_dagrun for customer_transaction_pipeline to 2026-04-06 00:00:00+00:00, run_after=2026-04-07 00:00:00+00:00
[2026-04-06T07:26:06.595+0000] {processor.py:183} INFO - Processing /opt/airflow/dags/pipeline_dag.py took 0.302 seconds
[2026-04-06T07:26:36.928+0000] {processor.py:161} INFO - Started process (PID=476) to work on /opt/airflow/dags/pipeline_dag.py
[2026-04-06T07:26:36.929+0000] {processor.py:830} INFO - Processing file /opt/airflow/dags/pipeline_dag.py for tasks to queue
[2026-04-06T07:26:36.931+0000] {logging_mixin.py:188} INFO - [2026-04-06T07:26:36.930+0000] {dagbag.py:538} INFO - Filling up the DagBag from /opt/airflow/dags/pipeline_dag.py
[2026-04-06T07:26:36.953+0000] {processor.py:840} INFO - DAG(s) 'customer_transaction_pipeline' retrieved from /opt/airflow/dags/pipeline_dag.py
[2026-04-06T07:26:36.983+0000] {logging_mixin.py:188} INFO - [2026-04-06T07:26:36.983+0000] {dag.py:3036} INFO - Sync 1 DAGs
[2026-04-06T07:26:37.005+0000] {logging_mixin.py:188} INFO - [2026-04-06T07:26:37.005+0000] {dag.py:3823} INFO - Setting next_dagrun for customer_transaction_pipeline to 2026-04-06 00:00:00+00:00, run_after=2026-04-07 00:00:00+00:00
[2026-04-06T07:26:37.027+0000] {processor.py:183} INFO - Processing /opt/airflow/dags/pipeline_dag.py took 0.102 seconds
[2026-04-06T08:16:37.458+0000] {processor.py:161} INFO - Started process (PID=483) to work on /opt/airflow/dags/pipeline_dag.py
[2026-04-06T08:16:37.461+0000] {processor.py:830} INFO - Processing file /opt/airflow/dags/pipeline_dag.py for tasks to queue
[2026-04-06T08:16:37.469+0000] {logging_mixin.py:188} INFO - [2026-04-06T08:16:37.468+0000] {dagbag.py:538} INFO - Filling up the DagBag from /opt/airflow/dags/pipeline_dag.py
[2026-04-06T08:16:37.515+0000] {processor.py:840} INFO - DAG(s) 'customer_transaction_pipeline' retrieved from /opt/airflow/dags/pipeline_dag.py
[2026-04-06T08:16:37.563+0000] {logging_mixin.py:188} INFO - [2026-04-06T08:16:37.563+0000] {dag.py:3036} INFO - Sync 1 DAGs
[2026-04-06T08:16:37.599+0000] {logging_mixin.py:188} INFO - [2026-04-06T08:16:37.598+0000] {dag.py:3823} INFO - Setting next_dagrun for customer_transaction_pipeline to 2026-04-06 00:00:00+00:00, run_after=2026-04-07 00:00:00+00:00
[2026-04-06T08:16:37.656+0000] {processor.py:183} INFO - Processing /opt/airflow/dags/pipeline_dag.py took 0.206 seconds
[2026-04-06T09:01:15.890+0000] {processor.py:161} INFO - Started process (PID=488) to work on /opt/airflow/dags/pipeline_dag.py
[2026-04-06T09:01:15.891+0000] {processor.py:830} INFO - Processing file /opt/airflow/dags/pipeline_dag.py for tasks to queue
[2026-04-06T09:01:15.892+0000] {logging_mixin.py:188} INFO - [2026-04-06T09:01:15.892+0000] {dagbag.py:538} INFO - Filling up the DagBag from /opt/airflow/dags/pipeline_dag.py
[2026-04-06T09:01:16.172+0000] {processor.py:840} INFO - DAG(s) 'customer_transaction_pipeline' retrieved from /opt/airflow/dags/pipeline_dag.py
[2026-04-06T09:01:16.440+0000] {logging_mixin.py:188} INFO - [2026-04-06T09:01:16.439+0000] {dag.py:3036} INFO - Sync 1 DAGs
[2026-04-06T09:01:16.644+0000] {logging_mixin.py:188} INFO - [2026-04-06T09:01:16.643+0000] {dag.py:3823} INFO - Setting next_dagrun for customer_transaction_pipeline to 2026-04-06 00:00:00+00:00, run_after=2026-04-07 00:00:00+00:00
[2026-04-06T09:01:16.925+0000] {processor.py:183} INFO - Processing /opt/airflow/dags/pipeline_dag.py took 1.043 seconds
[2026-04-06T09:01:47.797+0000] {processor.py:161} INFO - Started process (PID=495) to work on /opt/airflow/dags/pipeline_dag.py
[2026-04-06T09:01:47.802+0000] {processor.py:830} INFO - Processing file /opt/airflow/dags/pipeline_dag.py for tasks to queue
[2026-04-06T09:01:47.810+0000] {logging_mixin.py:188} INFO - [2026-04-06T09:01:47.809+0000] {dagbag.py:538} INFO - Filling up the DagBag from /opt/airflow/dags/pipeline_dag.py
[2026-04-06T09:01:47.906+0000] {processor.py:840} INFO - DAG(s) 'customer_transaction_pipeline' retrieved from /opt/airflow/dags/pipeline_dag.py
[2026-04-06T09:01:48.035+0000] {logging_mixin.py:188} INFO - [2026-04-06T09:01:48.035+0000] {dag.py:3036} INFO - Sync 1 DAGs
[2026-04-06T09:01:48.138+0000] {logging_mixin.py:188} INFO - [2026-04-06T09:01:48.137+0000] {dag.py:3823} INFO - Setting next_dagrun for customer_transaction_pipeline to 2026-04-06 00:00:00+00:00, run_after=2026-04-07 00:00:00+00:00
[2026-04-06T09:01:48.192+0000] {processor.py:183} INFO - Processing /opt/airflow/dags/pipeline_dag.py took 0.413 seconds
[2026-04-06T09:02:18.503+0000] {processor.py:161} INFO - Started process (PID=500) to work on /opt/airflow/dags/pipeline_dag.py
[2026-04-06T09:02:18.505+0000] {processor.py:830} INFO - Processing file /opt/airflow/dags/pipeline_dag.py for tasks to queue
[2026-04-06T09:02:18.506+0000] {logging_mixin.py:188} INFO - [2026-04-06T09:02:18.506+0000] {dagbag.py:538} INFO - Filling up the DagBag from /opt/airflow/dags/pipeline_dag.py
[2026-04-06T09:02:18.541+0000] {processor.py:840} INFO - DAG(s) 'customer_transaction_pipeline' retrieved from /opt/airflow/dags/pipeline_dag.py
[2026-04-06T09:02:18.581+0000] {logging_mixin.py:188} INFO - [2026-04-06T09:02:18.580+0000] {dag.py:3036} INFO - Sync 1 DAGs
[2026-04-06T09:02:18.615+0000] {logging_mixin.py:188} INFO - [2026-04-06T09:02:18.615+0000] {dag.py:3823} INFO - Setting next_dagrun for customer_transaction_pipeline to 2026-04-06 00:00:00+00:00, run_after=2026-04-07 00:00:00+00:00
[2026-04-06T09:02:18.645+0000] {processor.py:183} INFO - Processing /opt/airflow/dags/pipeline_dag.py took 0.146 seconds
[2026-04-06T09:02:48.830+0000] {processor.py:161} INFO - Started process (PID=505) to work on /opt/airflow/dags/pipeline_dag.py
[2026-04-06T09:02:48.835+0000] {processor.py:830} INFO - Processing file /opt/airflow/dags/pipeline_dag.py for tasks to queue
[2026-04-06T09:02:48.839+0000] {logging_mixin.py:188} INFO - [2026-04-06T09:02:48.838+0000] {dagbag.py:538} INFO - Filling up the DagBag from /opt/airflow/dags/pipeline_dag.py
[2026-04-06T09:02:48.890+0000] {processor.py:840} INFO - DAG(s) 'customer_transaction_pipeline' retrieved from /opt/airflow/dags/pipeline_dag.py
[2026-04-06T09:02:48.959+0000] {logging_mixin.py:188} INFO - [2026-04-06T09:02:48.958+0000] {dag.py:3036} INFO - Sync 1 DAGs
[2026-04-06T09:02:49.011+0000] {logging_mixin.py:188} INFO - [2026-04-06T09:02:49.010+0000] {dag.py:3823} INFO - Setting next_dagrun for customer_transaction_pipeline to 2026-04-06 00:00:00+00:00, run_after=2026-04-07 00:00:00+00:00
[2026-04-06T09:02:49.056+0000] {processor.py:183} INFO - Processing /opt/airflow/dags/pipeline_dag.py took 0.236 seconds
[2026-04-06T09:03:19.280+0000] {processor.py:161} INFO - Started process (PID=510) to work on /opt/airflow/dags/pipeline_dag.py
[2026-04-06T09:03:19.284+0000] {processor.py:830} INFO - Processing file /opt/airflow/dags/pipeline_dag.py for tasks to queue
[2026-04-06T09:03:19.289+0000] {logging_mixin.py:188} INFO - [2026-04-06T09:03:19.288+0000] {dagbag.py:538} INFO - Filling up the DagBag from /opt/airflow/dags/pipeline_dag.py
[2026-04-06T09:03:19.324+0000] {processor.py:840} INFO - DAG(s) 'customer_transaction_pipeline' retrieved from /opt/airflow/dags/pipeline_dag.py
[2026-04-06T09:03:19.384+0000] {logging_mixin.py:188} INFO - [2026-04-06T09:03:19.383+0000] {dag.py:3036} INFO - Sync 1 DAGs
[2026-04-06T09:03:19.427+0000] {logging_mixin.py:188} INFO - [2026-04-06T09:03:19.426+0000] {dag.py:3823} INFO - Setting next_dagrun for customer_transaction_pipeline to 2026-04-06 00:00:00+00:00, run_after=2026-04-07 00:00:00+00:00
[2026-04-06T09:03:19.493+0000] {processor.py:183} INFO - Processing /opt/airflow/dags/pipeline_dag.py took 0.219 seconds
[2026-04-06T09:03:49.726+0000] {processor.py:161} INFO - Started process (PID=515) to work on /opt/airflow/dags/pipeline_dag.py
[2026-04-06T09:03:49.729+0000] {processor.py:830} INFO - Processing file /opt/airflow/dags/pipeline_dag.py for tasks to queue
[2026-04-06T09:03:49.731+0000] {logging_mixin.py:188} INFO - [2026-04-06T09:03:49.730+0000] {dagbag.py:538} INFO - Filling up the DagBag from /opt/airflow/dags/pipeline_dag.py
[2026-04-06T09:03:49.771+0000] {processor.py:840} INFO - DAG(s) 'customer_transaction_pipeline' retrieved from /opt/airflow/dags/pipeline_dag.py
[2026-04-06T09:03:49.807+0000] {logging_mixin.py:188} INFO - [2026-04-06T09:03:49.807+0000] {dag.py:3036} INFO - Sync 1 DAGs
[2026-04-06T09:03:49.839+0000] {logging_mixin.py:188} INFO - [2026-04-06T09:03:49.838+0000] {dag.py:3823} INFO - Setting next_dagrun for customer_transaction_pipeline to 2026-04-06 00:00:00+00:00, run_after=2026-04-07 00:00:00+00:00
[2026-04-06T09:03:49.920+0000] {processor.py:183} INFO - Processing /opt/airflow/dags/pipeline_dag.py took 0.200 seconds
[2026-04-06T09:04:20.232+0000] {processor.py:161} INFO - Started process (PID=520) to work on /opt/airflow/dags/pipeline_dag.py
[2026-04-06T09:04:20.234+0000] {processor.py:830} INFO - Processing file /opt/airflow/dags/pipeline_dag.py for tasks to queue
[2026-04-06T09:04:20.235+0000] {logging_mixin.py:188} INFO - [2026-04-06T09:04:20.235+0000] {dagbag.py:538} INFO - Filling up the DagBag from /opt/airflow/dags/pipeline_dag.py
[2026-04-06T09:04:20.277+0000] {processor.py:840} INFO - DAG(s) 'customer_transaction_pipeline' retrieved from /opt/airflow/dags/pipeline_dag.py
[2026-04-06T09:04:20.311+0000] {logging_mixin.py:188} INFO - [2026-04-06T09:04:20.311+0000] {dag.py:3036} INFO - Sync 1 DAGs
[2026-04-06T09:04:20.338+0000] {logging_mixin.py:188} INFO - [2026-04-06T09:04:20.338+0000] {dag.py:3823} INFO - Setting next_dagrun for customer_transaction_pipeline to 2026-04-06 00:00:00+00:00, run_after=2026-04-07 00:00:00+00:00
[2026-04-06T09:04:20.416+0000] {processor.py:183} INFO - Processing /opt/airflow/dags/pipeline_dag.py took 0.189 seconds
[2026-04-06T09:04:50.635+0000] {processor.py:161} INFO - Started process (PID=525) to work on /opt/airflow/dags/pipeline_dag.py
[2026-04-06T09:04:50.638+0000] {processor.py:830} INFO - Processing file /opt/airflow/dags/pipeline_dag.py for tasks to queue
[2026-04-06T09:04:50.639+0000] {logging_mixin.py:188} INFO - [2026-04-06T09:04:50.639+0000] {dagbag.py:538} INFO - Filling up the DagBag from /opt/airflow/dags/pipeline_dag.py
[2026-04-06T09:04:50.688+0000] {processor.py:840} INFO - DAG(s) 'customer_transaction_pipeline' retrieved from /opt/airflow/dags/pipeline_dag.py
[2026-04-06T09:04:50.743+0000] {logging_mixin.py:188} INFO - [2026-04-06T09:04:50.743+0000] {dag.py:3036} INFO - Sync 1 DAGs
[2026-04-06T09:04:50.807+0000] {logging_mixin.py:188} INFO - [2026-04-06T09:04:50.806+0000] {dag.py:3823} INFO - Setting next_dagrun for customer_transaction_pipeline to 2026-04-06 00:00:00+00:00, run_after=2026-04-07 00:00:00+00:00
[2026-04-06T09:04:50.880+0000] {processor.py:183} INFO - Processing /opt/airflow/dags/pipeline_dag.py took 0.252 seconds
[2026-04-06T09:05:21.137+0000] {processor.py:161} INFO - Started process (PID=530) to work on /opt/airflow/dags/pipeline_dag.py
[2026-04-06T09:05:21.139+0000] {processor.py:830} INFO - Processing file /opt/airflow/dags/pipeline_dag.py for tasks to queue
[2026-04-06T09:05:21.141+0000] {logging_mixin.py:188} INFO - [2026-04-06T09:05:21.140+0000] {dagbag.py:538} INFO - Filling up the DagBag from /opt/airflow/dags/pipeline_dag.py
[2026-04-06T09:05:21.177+0000] {processor.py:840} INFO - DAG(s) 'customer_transaction_pipeline' retrieved from /opt/airflow/dags/pipeline_dag.py
[2026-04-06T09:05:21.215+0000] {logging_mixin.py:188} INFO - [2026-04-06T09:05:21.214+0000] {dag.py:3036} INFO - Sync 1 DAGs
[2026-04-06T09:05:21.244+0000] {logging_mixin.py:188} INFO - [2026-04-06T09:05:21.244+0000] {dag.py:3823} INFO - Setting next_dagrun for customer_transaction_pipeline to 2026-04-06 00:00:00+00:00, run_after=2026-04-07 00:00:00+00:00
[2026-04-06T09:05:21.268+0000] {processor.py:183} INFO - Processing /opt/airflow/dags/pipeline_dag.py took 0.137 seconds
[2026-04-06T09:05:51.584+0000] {processor.py:161} INFO - Started process (PID=535) to work on /opt/airflow/dags/pipeline_dag.py
[2026-04-06T09:05:51.587+0000] {processor.py:830} INFO - Processing file /opt/airflow/dags/pipeline_dag.py for tasks to queue
[2026-04-06T09:05:51.589+0000] {logging_mixin.py:188} INFO - [2026-04-06T09:05:51.588+0000] {dagbag.py:538} INFO - Filling up the DagBag from /opt/airflow/dags/pipeline_dag.py
[2026-04-06T09:05:51.627+0000] {processor.py:840} INFO - DAG(s) 'customer_transaction_pipeline' retrieved from /opt/airflow/dags/pipeline_dag.py
[2026-04-06T09:05:51.671+0000] {logging_mixin.py:188} INFO - [2026-04-06T09:05:51.670+0000] {dag.py:3036} INFO - Sync 1 DAGs
[2026-04-06T09:05:51.709+0000] {logging_mixin.py:188} INFO - [2026-04-06T09:05:51.708+0000] {dag.py:3823} INFO - Setting next_dagrun for customer_transaction_pipeline to 2026-04-06 00:00:00+00:00, run_after=2026-04-07 00:00:00+00:00
[2026-04-06T09:05:51.778+0000] {processor.py:183} INFO - Processing /opt/airflow/dags/pipeline_dag.py took 0.201 seconds
[2026-04-06T09:06:21.929+0000] {processor.py:161} INFO - Started process (PID=540) to work on /opt/airflow/dags/pipeline_dag.py
[2026-04-06T09:06:21.932+0000] {processor.py:830} INFO - Processing file /opt/airflow/dags/pipeline_dag.py for tasks to queue
[2026-04-06T09:06:21.935+0000] {logging_mixin.py:188} INFO - [2026-04-06T09:06:21.934+0000] {dagbag.py:538} INFO - Filling up the DagBag from /opt/airflow/dags/pipeline_dag.py
[2026-04-06T09:06:21.997+0000] {processor.py:840} INFO - DAG(s) 'customer_transaction_pipeline' retrieved from /opt/airflow/dags/pipeline_dag.py
[2026-04-06T09:06:22.096+0000] {logging_mixin.py:188} INFO - [2026-04-06T09:06:22.095+0000] {dag.py:3036} INFO - Sync 1 DAGs
[2026-04-06T09:06:22.183+0000] {logging_mixin.py:188} INFO - [2026-04-06T09:06:22.182+0000] {dag.py:3823} INFO - Setting next_dagrun for customer_transaction_pipeline to 2026-04-06 00:00:00+00:00, run_after=2026-04-07 00:00:00+00:00
[2026-04-06T09:06:22.250+0000] {processor.py:183} INFO - Processing /opt/airflow/dags/pipeline_dag.py took 0.330 seconds
[2026-04-06T09:06:52.564+0000] {processor.py:161} INFO - Started process (PID=545) to work on /opt/airflow/dags/pipeline_dag.py
[2026-04-06T09:06:52.566+0000] {processor.py:830} INFO - Processing file /opt/airflow/dags/pipeline_dag.py for tasks to queue
[2026-04-06T09:06:52.569+0000] {logging_mixin.py:188} INFO - [2026-04-06T09:06:52.568+0000] {dagbag.py:538} INFO - Filling up the DagBag from /opt/airflow/dags/pipeline_dag.py
[2026-04-06T09:06:52.615+0000] {processor.py:840} INFO - DAG(s) 'customer_transaction_pipeline' retrieved from /opt/airflow/dags/pipeline_dag.py
[2026-04-06T09:06:52.666+0000] {logging_mixin.py:188} INFO - [2026-04-06T09:06:52.664+0000] {dag.py:3036} INFO - Sync 1 DAGs
[2026-04-06T09:06:52.702+0000] {logging_mixin.py:188} INFO - [2026-04-06T09:06:52.701+0000] {dag.py:3823} INFO - Setting next_dagrun for customer_transaction_pipeline to 2026-04-06 00:00:00+00:00, run_after=2026-04-07 00:00:00+00:00
[2026-04-06T09:06:52.799+0000] {processor.py:183} INFO - Processing /opt/airflow/dags/pipeline_dag.py took 0.239 seconds
[2026-04-06T09:07:22.930+0000] {processor.py:161} INFO - Started process (PID=550) to work on /opt/airflow/dags/pipeline_dag.py
[2026-04-06T09:07:22.932+0000] {processor.py:830} INFO - Processing file /opt/airflow/dags/pipeline_dag.py for tasks to queue
[2026-04-06T09:07:22.934+0000] {logging_mixin.py:188} INFO - [2026-04-06T09:07:22.933+0000] {dagbag.py:538} INFO - Filling up the DagBag from /opt/airflow/dags/pipeline_dag.py
[2026-04-06T09:07:22.995+0000] {processor.py:840} INFO - DAG(s) 'customer_transaction_pipeline' retrieved from /opt/airflow/dags/pipeline_dag.py
[2026-04-06T09:07:23.046+0000] {logging_mixin.py:188} INFO - [2026-04-06T09:07:23.046+0000] {dag.py:3036} INFO - Sync 1 DAGs
[2026-04-06T09:07:23.097+0000] {logging_mixin.py:188} INFO - [2026-04-06T09:07:23.096+0000] {dag.py:3823} INFO - Setting next_dagrun for customer_transaction_pipeline to 2026-04-06 00:00:00+00:00, run_after=2026-04-07 00:00:00+00:00
[2026-04-06T09:07:23.135+0000] {processor.py:183} INFO - Processing /opt/airflow/dags/pipeline_dag.py took 0.210 seconds
[2026-04-06T09:07:53.492+0000] {processor.py:161} INFO - Started process (PID=555) to work on /opt/airflow/dags/pipeline_dag.py
[2026-04-06T09:07:53.494+0000] {processor.py:830} INFO - Processing file /opt/airflow/dags/pipeline_dag.py for tasks to queue
[2026-04-06T09:07:53.496+0000] {logging_mixin.py:188} INFO - [2026-04-06T09:07:53.495+0000] {dagbag.py:538} INFO - Filling up the DagBag from /opt/airflow/dags/pipeline_dag.py
[2026-04-06T09:07:53.551+0000] {processor.py:840} INFO - DAG(s) 'customer_transaction_pipeline' retrieved from /opt/airflow/dags/pipeline_dag.py
[2026-04-06T09:07:53.591+0000] {logging_mixin.py:188} INFO - [2026-04-06T09:07:53.590+0000] {dag.py:3036} INFO - Sync 1 DAGs
[2026-04-06T09:07:53.624+0000] {logging_mixin.py:188} INFO - [2026-04-06T09:07:53.624+0000] {dag.py:3823} INFO - Setting next_dagrun for customer_transaction_pipeline to 2026-04-06 00:00:00+00:00, run_after=2026-04-07 00:00:00+00:00
[2026-04-06T09:07:53.707+0000] {processor.py:183} INFO - Processing /opt/airflow/dags/pipeline_dag.py took 0.220 seconds
[2026-04-06T09:08:23.908+0000] {processor.py:161} INFO - Started process (PID=560) to work on /opt/airflow/dags/pipeline_dag.py
[2026-04-06T09:08:23.910+0000] {processor.py:830} INFO - Processing file /opt/airflow/dags/pipeline_dag.py for tasks to queue
[2026-04-06T09:08:23.912+0000] {logging_mixin.py:188} INFO - [2026-04-06T09:08:23.911+0000] {dagbag.py:538} INFO - Filling up the DagBag from /opt/airflow/dags/pipeline_dag.py
[2026-04-06T09:08:23.953+0000] {processor.py:840} INFO - DAG(s) 'customer_transaction_pipeline' retrieved from /opt/airflow/dags/pipeline_dag.py
[2026-04-06T09:08:24.005+0000] {logging_mixin.py:188} INFO - [2026-04-06T09:08:24.005+0000] {dag.py:3036} INFO - Sync 1 DAGs
[2026-04-06T09:08:24.043+0000] {logging_mixin.py:188} INFO - [2026-04-06T09:08:24.043+0000] {dag.py:3823} INFO - Setting next_dagrun for customer_transaction_pipeline to 2026-04-06 00:00:00+00:00, run_after=2026-04-07 00:00:00+00:00
[2026-04-06T09:08:24.064+0000] {processor.py:183} INFO - Processing /opt/airflow/dags/pipeline_dag.py took 0.161 seconds
[2026-04-06T09:08:54.478+0000] {processor.py:161} INFO - Started process (PID=565) to work on /opt/airflow/dags/pipeline_dag.py
[2026-04-06T09:08:54.479+0000] {processor.py:830} INFO - Processing file /opt/airflow/dags/pipeline_dag.py for tasks to queue
[2026-04-06T09:08:54.481+0000] {logging_mixin.py:188} INFO - [2026-04-06T09:08:54.480+0000] {dagbag.py:538} INFO - Filling up the DagBag from /opt/airflow/dags/pipeline_dag.py
[2026-04-06T09:08:54.508+0000] {processor.py:840} INFO - DAG(s) 'customer_transaction_pipeline' retrieved from /opt/airflow/dags/pipeline_dag.py
[2026-04-06T09:08:54.539+0000] {logging_mixin.py:188} INFO - [2026-04-06T09:08:54.539+0000] {dag.py:3036} INFO - Sync 1 DAGs
[2026-04-06T09:08:54.563+0000] {logging_mixin.py:188} INFO - [2026-04-06T09:08:54.563+0000] {dag.py:3823} INFO - Setting next_dagrun for customer_transaction_pipeline to 2026-04-06 00:00:00+00:00, run_after=2026-04-07 00:00:00+00:00
[2026-04-06T09:08:54.586+0000] {processor.py:183} INFO - Processing /opt/airflow/dags/pipeline_dag.py took 0.112 seconds
[2026-04-06T09:09:24.851+0000] {processor.py:161} INFO - Started process (PID=570) to work on /opt/airflow/dags/pipeline_dag.py
[2026-04-06T09:09:24.853+0000] {processor.py:830} INFO - Processing file /opt/airflow/dags/pipeline_dag.py for tasks to queue
[2026-04-06T09:09:24.855+0000] {logging_mixin.py:188} INFO - [2026-04-06T09:09:24.854+0000] {dagbag.py:538} INFO - Filling up the DagBag from /opt/airflow/dags/pipeline_dag.py
[2026-04-06T09:09:24.883+0000] {processor.py:840} INFO - DAG(s) 'customer_transaction_pipeline' retrieved from /opt/airflow/dags/pipeline_dag.py
[2026-04-06T09:09:24.916+0000] {logging_mixin.py:188} INFO - [2026-04-06T09:09:24.916+0000] {dag.py:3036} INFO - Sync 1 DAGs
[2026-04-06T09:09:24.944+0000] {logging_mixin.py:188} INFO - [2026-04-06T09:09:24.944+0000] {dag.py:3823} INFO - Setting next_dagrun for customer_transaction_pipeline to 2026-04-06 00:00:00+00:00, run_after=2026-04-07 00:00:00+00:00
[2026-04-06T09:09:25.024+0000] {processor.py:183} INFO - Processing /opt/airflow/dags/pipeline_dag.py took 0.177 seconds
[2026-04-06T09:09:55.299+0000] {processor.py:161} INFO - Started process (PID=575) to work on /opt/airflow/dags/pipeline_dag.py
[2026-04-06T09:09:55.301+0000] {processor.py:830} INFO - Processing file /opt/airflow/dags/pipeline_dag.py for tasks to queue
[2026-04-06T09:09:55.303+0000] {logging_mixin.py:188} INFO - [2026-04-06T09:09:55.302+0000] {dagbag.py:538} INFO - Filling up the DagBag from /opt/airflow/dags/pipeline_dag.py
[2026-04-06T09:09:55.332+0000] {processor.py:840} INFO - DAG(s) 'customer_transaction_pipeline' retrieved from /opt/airflow/dags/pipeline_dag.py
[2026-04-06T09:09:55.366+0000] {logging_mixin.py:188} INFO - [2026-04-06T09:09:55.365+0000] {dag.py:3036} INFO - Sync 1 DAGs
[2026-04-06T09:09:55.398+0000] {logging_mixin.py:188} INFO - [2026-04-06T09:09:55.397+0000] {dag.py:3823} INFO - Setting next_dagrun for customer_transaction_pipeline to 2026-04-06 00:00:00+00:00, run_after=2026-04-07 00:00:00+00:00
[2026-04-06T09:09:55.476+0000] {processor.py:183} INFO - Processing /opt/airflow/dags/pipeline_dag.py took 0.182 seconds
[2026-04-06T09:10:25.855+0000] {processor.py:161} INFO - Started process (PID=580) to work on /opt/airflow/dags/pipeline_dag.py
[2026-04-06T09:10:25.859+0000] {processor.py:830} INFO - Processing file /opt/airflow/dags/pipeline_dag.py for tasks to queue
[2026-04-06T09:10:25.861+0000] {logging_mixin.py:188} INFO - [2026-04-06T09:10:25.860+0000] {dagbag.py:538} INFO - Filling up the DagBag from /opt/airflow/dags/pipeline_dag.py
[2026-04-06T09:10:25.903+0000] {processor.py:840} INFO - DAG(s) 'customer_transaction_pipeline' retrieved from /opt/airflow/dags/pipeline_dag.py
[2026-04-06T09:10:25.947+0000] {logging_mixin.py:188} INFO - [2026-04-06T09:10:25.947+0000] {dag.py:3036} INFO - Sync 1 DAGs
[2026-04-06T09:10:25.987+0000] {logging_mixin.py:188} INFO - [2026-04-06T09:10:25.987+0000] {dag.py:3823} INFO - Setting next_dagrun for customer_transaction_pipeline to 2026-04-06 00:00:00+00:00, run_after=2026-04-07 00:00:00+00:00
[2026-04-06T09:10:26.017+0000] {processor.py:183} INFO - Processing /opt/airflow/dags/pipeline_dag.py took 0.168 seconds
[2026-04-06T09:10:56.223+0000] {processor.py:161} INFO - Started process (PID=585) to work on /opt/airflow/dags/pipeline_dag.py
[2026-04-06T09:10:56.228+0000] {processor.py:830} INFO - Processing file /opt/airflow/dags/pipeline_dag.py for tasks to queue
[2026-04-06T09:10:56.230+0000] {logging_mixin.py:188} INFO - [2026-04-06T09:10:56.229+0000] {dagbag.py:538} INFO - Filling up the DagBag from /opt/airflow/dags/pipeline_dag.py
[2026-04-06T09:10:56.264+0000] {processor.py:840} INFO - DAG(s) 'customer_transaction_pipeline' retrieved from /opt/airflow/dags/pipeline_dag.py
[2026-04-06T09:10:56.349+0000] {logging_mixin.py:188} INFO - [2026-04-06T09:10:56.349+0000] {dag.py:3036} INFO - Sync 1 DAGs
[2026-04-06T09:10:56.395+0000] {logging_mixin.py:188} INFO - [2026-04-06T09:10:56.394+0000] {dag.py:3823} INFO - Setting next_dagrun for customer_transaction_pipeline to 2026-04-06 00:00:00+00:00, run_after=2026-04-07 00:00:00+00:00
[2026-04-06T09:10:56.426+0000] {processor.py:183} INFO - Processing /opt/airflow/dags/pipeline_dag.py took 0.210 seconds
[2026-04-06T09:11:26.735+0000] {processor.py:161} INFO - Started process (PID=635) to work on /opt/airflow/dags/pipeline_dag.py
[2026-04-06T09:11:26.737+0000] {processor.py:830} INFO - Processing file /opt/airflow/dags/pipeline_dag.py for tasks to queue
[2026-04-06T09:11:26.739+0000] {logging_mixin.py:188} INFO - [2026-04-06T09:11:26.738+0000] {dagbag.py:538} INFO - Filling up the DagBag from /opt/airflow/dags/pipeline_dag.py
[2026-04-06T09:11:26.781+0000] {processor.py:840} INFO - DAG(s) 'customer_transaction_pipeline' retrieved from /opt/airflow/dags/pipeline_dag.py
[2026-04-06T09:11:26.919+0000] {logging_mixin.py:188} INFO - [2026-04-06T09:11:26.919+0000] {dag.py:3036} INFO - Sync 1 DAGs
[2026-04-06T09:11:26.979+0000] {logging_mixin.py:188} INFO - [2026-04-06T09:11:26.978+0000] {dag.py:3823} INFO - Setting next_dagrun for customer_transaction_pipeline to 2026-04-06 00:00:00+00:00, run_after=2026-04-07 00:00:00+00:00
[2026-04-06T09:11:27.087+0000] {processor.py:183} INFO - Processing /opt/airflow/dags/pipeline_dag.py took 0.356 seconds
[2026-04-06T09:11:57.453+0000] {processor.py:161} INFO - Started process (PID=640) to work on /opt/airflow/dags/pipeline_dag.py
[2026-04-06T09:11:57.455+0000] {processor.py:830} INFO - Processing file /opt/airflow/dags/pipeline_dag.py for tasks to queue
[2026-04-06T09:11:57.459+0000] {logging_mixin.py:188} INFO - [2026-04-06T09:11:57.458+0000] {dagbag.py:538} INFO - Filling up the DagBag from /opt/airflow/dags/pipeline_dag.py
[2026-04-06T09:11:57.494+0000] {processor.py:840} INFO - DAG(s) 'customer_transaction_pipeline' retrieved from /opt/airflow/dags/pipeline_dag.py
[2026-04-06T09:11:57.541+0000] {logging_mixin.py:188} INFO - [2026-04-06T09:11:57.539+0000] {dag.py:3036} INFO - Sync 1 DAGs
[2026-04-06T09:11:57.583+0000] {logging_mixin.py:188} INFO - [2026-04-06T09:11:57.582+0000] {dag.py:3823} INFO - Setting next_dagrun for customer_transaction_pipeline to 2026-04-06 00:00:00+00:00, run_after=2026-04-07 00:00:00+00:00
[2026-04-06T09:11:57.661+0000] {processor.py:183} INFO - Processing /opt/airflow/dags/pipeline_dag.py took 0.215 seconds
[2026-04-06T09:12:27.801+0000] {processor.py:161} INFO - Started process (PID=645) to work on /opt/airflow/dags/pipeline_dag.py
[2026-04-06T09:12:27.805+0000] {processor.py:830} INFO - Processing file /opt/airflow/dags/pipeline_dag.py for tasks to queue
[2026-04-06T09:12:27.811+0000] {logging_mixin.py:188} INFO - [2026-04-06T09:12:27.810+0000] {dagbag.py:538} INFO - Filling up the DagBag from /opt/airflow/dags/pipeline_dag.py
[2026-04-06T09:12:27.854+0000] {processor.py:840} INFO - DAG(s) 'customer_transaction_pipeline' retrieved from /opt/airflow/dags/pipeline_dag.py
[2026-04-06T09:12:27.911+0000] {logging_mixin.py:188} INFO - [2026-04-06T09:12:27.911+0000] {dag.py:3036} INFO - Sync 1 DAGs
[2026-04-06T09:12:27.993+0000] {logging_mixin.py:188} INFO - [2026-04-06T09:12:27.993+0000] {dag.py:3823} INFO - Setting next_dagrun for customer_transaction_pipeline to 2026-04-06 00:00:00+00:00, run_after=2026-04-07 00:00:00+00:00
[2026-04-06T09:12:28.025+0000] {processor.py:183} INFO - Processing /opt/airflow/dags/pipeline_dag.py took 0.229 seconds
[2026-04-06T09:12:58.410+0000] {processor.py:161} INFO - Started process (PID=650) to work on /opt/airflow/dags/pipeline_dag.py
[2026-04-06T09:12:58.412+0000] {processor.py:830} INFO - Processing file /opt/airflow/dags/pipeline_dag.py for tasks to queue
[2026-04-06T09:12:58.413+0000] {logging_mixin.py:188} INFO - [2026-04-06T09:12:58.413+0000] {dagbag.py:538} INFO - Filling up the DagBag from /opt/airflow/dags/pipeline_dag.py
[2026-04-06T09:12:58.463+0000] {processor.py:840} INFO - DAG(s) 'customer_transaction_pipeline' retrieved from /opt/airflow/dags/pipeline_dag.py
[2026-04-06T09:12:58.508+0000] {logging_mixin.py:188} INFO - [2026-04-06T09:12:58.508+0000] {dag.py:3036} INFO - Sync 1 DAGs
[2026-04-06T09:12:58.534+0000] {logging_mixin.py:188} INFO - [2026-04-06T09:12:58.534+0000] {dag.py:3823} INFO - Setting next_dagrun for customer_transaction_pipeline to 2026-04-06 00:00:00+00:00, run_after=2026-04-07 00:00:00+00:00
[2026-04-06T09:12:58.610+0000] {processor.py:183} INFO - Processing /opt/airflow/dags/pipeline_dag.py took 0.206 seconds
[2026-04-06T09:13:28.762+0000] {processor.py:161} INFO - Started process (PID=655) to work on /opt/airflow/dags/pipeline_dag.py
[2026-04-06T09:13:28.764+0000] {processor.py:830} INFO - Processing file /opt/airflow/dags/pipeline_dag.py for tasks to queue
[2026-04-06T09:13:28.766+0000] {logging_mixin.py:188} INFO - [2026-04-06T09:13:28.765+0000] {dagbag.py:538} INFO - Filling up the DagBag from /opt/airflow/dags/pipeline_dag.py
[2026-04-06T09:13:28.805+0000] {processor.py:840} INFO - DAG(s) 'customer_transaction_pipeline' retrieved from /opt/airflow/dags/pipeline_dag.py
[2026-04-06T09:13:28.848+0000] {logging_mixin.py:188} INFO - [2026-04-06T09:13:28.848+0000] {dag.py:3036} INFO - Sync 1 DAGs
[2026-04-06T09:13:28.887+0000] {logging_mixin.py:188} INFO - [2026-04-06T09:13:28.886+0000] {dag.py:3823} INFO - Setting next_dagrun for customer_transaction_pipeline to 2026-04-06 00:00:00+00:00, run_after=2026-04-07 00:00:00+00:00
[2026-04-06T09:13:28.922+0000] {processor.py:183} INFO - Processing /opt/airflow/dags/pipeline_dag.py took 0.166 seconds
[2026-04-06T09:13:59.469+0000] {processor.py:161} INFO - Started process (PID=660) to work on /opt/airflow/dags/pipeline_dag.py
[2026-04-06T09:13:59.472+0000] {processor.py:830} INFO - Processing file /opt/airflow/dags/pipeline_dag.py for tasks to queue
[2026-04-06T09:13:59.476+0000] {logging_mixin.py:188} INFO - [2026-04-06T09:13:59.475+0000] {dagbag.py:538} INFO - Filling up the DagBag from /opt/airflow/dags/pipeline_dag.py
[2026-04-06T09:13:59.543+0000] {processor.py:840} INFO - DAG(s) 'customer_transaction_pipeline' retrieved from /opt/airflow/dags/pipeline_dag.py
[2026-04-06T09:13:59.605+0000] {logging_mixin.py:188} INFO - [2026-04-06T09:13:59.604+0000] {dag.py:3036} INFO - Sync 1 DAGs
[2026-04-06T09:13:59.649+0000] {logging_mixin.py:188} INFO - [2026-04-06T09:13:59.648+0000] {dag.py:3823} INFO - Setting next_dagrun for customer_transaction_pipeline to 2026-04-06 00:00:00+00:00, run_after=2026-04-07 00:00:00+00:00
[2026-04-06T09:13:59.689+0000] {processor.py:183} INFO - Processing /opt/airflow/dags/pipeline_dag.py took 0.229 seconds
