[2026-04-06T07:15:49.322+0000] {taskinstance.py:1956} INFO - Dependencies all met for dep_context=non-requeueable deps ti=<TaskInstance: customer_transaction_pipeline.verify_scylladb_data manual__2026-04-06T07:05:43.721750+00:00 [queued]>
[2026-04-06T07:15:49.331+0000] {taskinstance.py:1956} INFO - Dependencies all met for dep_context=requeueable deps ti=<TaskInstance: customer_transaction_pipeline.verify_scylladb_data manual__2026-04-06T07:05:43.721750+00:00 [queued]>
[2026-04-06T07:15:49.332+0000] {taskinstance.py:2170} INFO - Starting attempt 3 of 3
[2026-04-06T07:15:49.344+0000] {taskinstance.py:2191} INFO - Executing <Task(BashOperator): verify_scylladb_data> on 2026-04-06 07:05:43.721750+00:00
[2026-04-06T07:15:49.348+0000] {standard_task_runner.py:60} INFO - Started process 368 to run task
[2026-04-06T07:15:49.351+0000] {standard_task_runner.py:87} INFO - Running: ['***', 'tasks', 'run', 'customer_transaction_pipeline', 'verify_scylladb_data', 'manual__2026-04-06T07:05:43.721750+00:00', '--job-id', '21', '--raw', '--subdir', 'DAGS_FOLDER/pipeline_dag.py', '--cfg-path', '/tmp/tmpq6k3aexm']
[2026-04-06T07:15:49.354+0000] {standard_task_runner.py:88} INFO - Job 21: Subtask verify_scylladb_data
[2026-04-06T07:15:49.418+0000] {task_command.py:423} INFO - Running <TaskInstance: customer_transaction_pipeline.verify_scylladb_data manual__2026-04-06T07:05:43.721750+00:00 [running]> on host cb070ebf4606
[2026-04-06T07:15:49.484+0000] {taskinstance.py:2480} INFO - Exporting env vars: AIRFLOW_CTX_DAG_OWNER='***' AIRFLOW_CTX_DAG_ID='customer_transaction_pipeline' AIRFLOW_CTX_TASK_ID='verify_scylladb_data' AIRFLOW_CTX_EXECUTION_DATE='2026-04-06T07:05:43.721750+00:00' AIRFLOW_CTX_TRY_NUMBER='3' AIRFLOW_CTX_DAG_RUN_ID='manual__2026-04-06T07:05:43.721750+00:00'
[2026-04-06T07:15:49.487+0000] {subprocess.py:63} INFO - Tmp dir root location: /tmp
[2026-04-06T07:15:49.489+0000] {subprocess.py:75} INFO - Running command: ['/usr/bin/bash', '-c', '\n            echo "Verifying data in ScyllaDB..."\n            python3 -c "\nfrom cassandra.cluster import Cluster\ntry:\n    cluster = Cluster([\'scylladb\'])\n    session = cluster.connect(\'transactions_ks\')\n    rows = session.execute(\'SELECT COUNT(*) FROM daily_customer_totals\')\n    count = rows.one()[0]\n    print(\'ScyllaDB has \' + str(count) + \' rows in daily_customer_totals\')\n    cluster.shutdown()\nexcept Exception as e:\n    print(\'Verification failed: \' + str(e))\n    exit(1)\n"\n        ']
[2026-04-06T07:15:49.497+0000] {subprocess.py:86} INFO - Output:
[2026-04-06T07:15:49.499+0000] {subprocess.py:93} INFO - Verifying data in ScyllaDB...
[2026-04-06T07:15:49.516+0000] {subprocess.py:93} INFO - Traceback (most recent call last):
[2026-04-06T07:15:49.517+0000] {subprocess.py:93} INFO -   File "<string>", line 2, in <module>
[2026-04-06T07:15:49.518+0000] {subprocess.py:93} INFO - ModuleNotFoundError: No module named 'cassandra'
[2026-04-06T07:15:49.519+0000] {subprocess.py:97} INFO - Command exited with return code 1
[2026-04-06T07:15:49.529+0000] {taskinstance.py:2698} ERROR - Task failed with exception
Traceback (most recent call last):
  File "/home/airflow/.local/lib/python3.8/site-packages/airflow/models/taskinstance.py", line 433, in _execute_task
    result = execute_callable(context=context, **execute_callable_kwargs)
  File "/home/airflow/.local/lib/python3.8/site-packages/airflow/operators/bash.py", line 212, in execute
    raise AirflowException(
airflow.exceptions.AirflowException: Bash command failed. The command returned a non-zero exit code 1.
[2026-04-06T07:15:49.533+0000] {taskinstance.py:1138} INFO - Marking task as FAILED. dag_id=customer_transaction_pipeline, task_id=verify_scylladb_data, execution_date=20260406T070543, start_date=20260406T071549, end_date=20260406T071549
[2026-04-06T07:15:49.545+0000] {standard_task_runner.py:107} ERROR - Failed to execute job 21 for task verify_scylladb_data (Bash command failed. The command returned a non-zero exit code 1.; 368)
[2026-04-06T07:15:49.565+0000] {local_task_job_runner.py:234} INFO - Task exited with return code 1
[2026-04-06T07:15:49.584+0000] {taskinstance.py:3280} INFO - 0 downstream tasks scheduled from follow-on schedule check
